04-Feb-2023 17:12:14.537 INFO [main] org.apache.catalina.startup.VersionLoggerListener.log Server version name:   Apache Tomcat/9.0.71
04-Feb-2023 17:12:14.548 INFO [main] org.apache.catalina.startup.VersionLoggerListener.log Server built:          Jan 9 2023 22:33:01 UTC
04-Feb-2023 17:12:14.548 INFO [main] org.apache.catalina.startup.VersionLoggerListener.log Server version number: 9.0.71.0
04-Feb-2023 17:12:14.548 INFO [main] org.apache.catalina.startup.VersionLoggerListener.log OS Name:               Windows 10
04-Feb-2023 17:12:14.626 INFO [main] org.apache.catalina.startup.VersionLoggerListener.log Версия ОС:             10.0
04-Feb-2023 17:12:14.626 INFO [main] org.apache.catalina.startup.VersionLoggerListener.log Архитектура:           amd64
04-Feb-2023 17:12:14.626 INFO [main] org.apache.catalina.startup.VersionLoggerListener.log Java Home:             C:\Program Files\Java\jdk-17.0.3.1
04-Feb-2023 17:12:14.626 INFO [main] org.apache.catalina.startup.VersionLoggerListener.log Версия JVM:            17.0.3.1+2-LTS-6
04-Feb-2023 17:12:14.626 INFO [main] org.apache.catalina.startup.VersionLoggerListener.log JVM Vendor:            Oracle Corporation
04-Feb-2023 17:12:14.626 INFO [main] org.apache.catalina.startup.VersionLoggerListener.log CATALINA_BASE:         C:\Java Projects\DataBaseProjects\MySQL3\apache-tomcat-9.0.71
04-Feb-2023 17:12:14.626 INFO [main] org.apache.catalina.startup.VersionLoggerListener.log CATALINA_HOME:         C:\Java Projects\DataBaseProjects\MySQL3\apache-tomcat-9.0.71
04-Feb-2023 17:12:14.626 INFO [main] org.apache.catalina.startup.VersionLoggerListener.log Command line argument: -Dcatalina.home=C:\Java Projects\DataBaseProjects\MySQL3\apache-tomcat-9.0.71
04-Feb-2023 17:12:14.626 INFO [main] org.apache.catalina.startup.VersionLoggerListener.log Command line argument: -Dcatalina.base=C:\Java Projects\DataBaseProjects\MySQL3\apache-tomcat-9.0.71
04-Feb-2023 17:12:14.626 INFO [main] org.apache.catalina.startup.VersionLoggerListener.log Command line argument: -Dignore.endorsed.dirs=C:\Java Projects\DataBaseProjects\MySQL3\apache-tomcat-9.0.71\endorsed
04-Feb-2023 17:12:14.626 INFO [main] org.apache.catalina.startup.VersionLoggerListener.log Command line argument: -Djava.io.tmpdir=C:\Java Projects\DataBaseProjects\MySQL3\apache-tomcat-9.0.71\temp
04-Feb-2023 17:12:14.626 INFO [main] org.apache.catalina.startup.VersionLoggerListener.log Command line argument: -Djava.util.logging.manager=org.apache.juli.ClassLoaderLogManager
04-Feb-2023 17:12:14.626 INFO [main] org.apache.catalina.startup.VersionLoggerListener.log Command line argument: -Djava.util.logging.config.file=C:\Java Projects\DataBaseProjects\MySQL3\apache-tomcat-9.0.71\conf\logging.properties
04-Feb-2023 17:12:14.626 INFO [main] org.apache.catalina.startup.VersionLoggerListener.log Command line argument: --add-opens=java.base/java.lang=ALL-UNNAMED
04-Feb-2023 17:12:14.626 INFO [main] org.apache.catalina.startup.VersionLoggerListener.log Command line argument: --add-opens=java.base/java.io=ALL-UNNAMED
04-Feb-2023 17:12:14.626 INFO [main] org.apache.catalina.startup.VersionLoggerListener.log Command line argument: --add-opens=java.base/java.util=ALL-UNNAMED
04-Feb-2023 17:12:14.626 INFO [main] org.apache.catalina.startup.VersionLoggerListener.log Command line argument: --add-opens=java.base/java.util.concurrent=ALL-UNNAMED
04-Feb-2023 17:12:14.626 INFO [main] org.apache.catalina.startup.VersionLoggerListener.log Command line argument: --add-opens=java.rmi/sun.rmi.transport=ALL-UNNAMED
04-Feb-2023 17:12:14.626 INFO [main] org.apache.catalina.startup.VersionLoggerListener.log Command line argument: exit
04-Feb-2023 17:12:14.626 INFO [main] org.apache.catalina.startup.VersionLoggerListener.log Command line argument: abort
04-Feb-2023 17:12:14.626 INFO [main] org.apache.catalina.startup.VersionLoggerListener.log Command line argument: -Xms128m
04-Feb-2023 17:12:14.626 INFO [main] org.apache.catalina.startup.VersionLoggerListener.log Command line argument: -Xmx256m
04-Feb-2023 17:12:14.626 INFO [main] org.apache.catalina.core.AprLifecycleListener.lifecycleEvent Loaded Apache Tomcat Native library [1.2.35] using APR version [1.7.0].
04-Feb-2023 17:12:14.626 INFO [main] org.apache.catalina.core.AprLifecycleListener.lifecycleEvent APR capabilities: IPv6 [true], sendfile [true], accept filters [false], random [true], UDS [true].
04-Feb-2023 17:12:14.626 INFO [main] org.apache.catalina.core.AprLifecycleListener.lifecycleEvent APR/OpenSSL configuration: useAprConnector [false], useOpenSSL [true]
04-Feb-2023 17:12:14.642 INFO [main] org.apache.catalina.core.AprLifecycleListener.initializeSSL OpenSSL successfully initialized [OpenSSL 1.1.1q  5 Jul 2022]
04-Feb-2023 17:12:14.970 INFO [main] org.apache.coyote.AbstractProtocol.init Initializing ProtocolHandler ["http-nio-8080"]
04-Feb-2023 17:12:15.017 INFO [main] org.apache.catalina.startup.Catalina.load Server initialization in [732] milliseconds
04-Feb-2023 17:12:15.063 INFO [main] org.apache.catalina.core.StandardService.startInternal Starting service [Catalina]
04-Feb-2023 17:12:15.063 INFO [main] org.apache.catalina.core.StandardEngine.startInternal Starting Servlet engine: [Apache Tomcat/9.0.71]
04-Feb-2023 17:12:15.079 INFO [main] org.apache.catalina.startup.HostConfig.deployDirectory Установка веб приложения в папку [C:\Java Projects\DataBaseProjects\MySQL3\apache-tomcat-9.0.71\webapps\MYSQL3]
04-Feb-2023 17:12:16.032 INFO [main] org.apache.jasper.servlet.TldScanner.scanJars At least one JAR was scanned for TLDs yet contained no TLDs. Enable debug logging for this logger for a complete list of JARs that were scanned but no TLDs were found in them. Skipping unneeded JARs during scanning can improve startup time and JSP compilation time.
04-Feb-2023 17:12:16.126 INFO [main] org.apache.catalina.startup.HostConfig.deployDirectory Deployment of web application directory [C:\Java Projects\DataBaseProjects\MySQL3\apache-tomcat-9.0.71\webapps\MYSQL3] has finished in [1 047] ms
04-Feb-2023 17:12:16.126 INFO [main] org.apache.catalina.startup.HostConfig.deployDirectory Установка веб приложения в папку [C:\Java Projects\DataBaseProjects\MySQL3\apache-tomcat-9.0.71\webapps\ROOT]
04-Feb-2023 17:12:16.579 INFO [main] org.apache.jasper.servlet.TldScanner.scanJars At least one JAR was scanned for TLDs yet contained no TLDs. Enable debug logging for this logger for a complete list of JARs that were scanned but no TLDs were found in them. Skipping unneeded JARs during scanning can improve startup time and JSP compilation time.
04-Feb-2023 17:12:16.595 INFO [main] org.apache.catalina.startup.HostConfig.deployDirectory Deployment of web application directory [C:\Java Projects\DataBaseProjects\MySQL3\apache-tomcat-9.0.71\webapps\ROOT] has finished in [469] ms
04-Feb-2023 17:12:16.595 INFO [main] org.apache.coyote.AbstractProtocol.start Starting ProtocolHandler ["http-nio-8080"]
04-Feb-2023 17:12:16.642 INFO [main] org.apache.catalina.startup.Catalina.start Server startup in [1632] milliseconds
04-Feb-2023 17:14:01.882 INFO [Thread-2] org.apache.coyote.AbstractProtocol.pause Pausing ProtocolHandler ["http-nio-8080"]
04-Feb-2023 17:14:01.913 INFO [Thread-2] org.apache.catalina.core.StandardService.stopInternal Stopping service [Catalina]
04-Feb-2023 17:14:01.933 INFO [Thread-2] org.apache.coyote.AbstractProtocol.stop Stopping ProtocolHandler ["http-nio-8080"]
04-Feb-2023 17:14:01.948 INFO [Thread-2] org.apache.coyote.AbstractProtocol.destroy Destroying ProtocolHandler ["http-nio-8080"]
04-Feb-2023 17:14:04.073 INFO [main] org.apache.catalina.startup.VersionLoggerListener.log Server version name:   Apache Tomcat/9.0.71
04-Feb-2023 17:14:04.092 INFO [main] org.apache.catalina.startup.VersionLoggerListener.log Server built:          Jan 9 2023 22:33:01 UTC
04-Feb-2023 17:14:04.092 INFO [main] org.apache.catalina.startup.VersionLoggerListener.log Server version number: 9.0.71.0
04-Feb-2023 17:14:04.092 INFO [main] org.apache.catalina.startup.VersionLoggerListener.log OS Name:               Windows 10
04-Feb-2023 17:14:04.092 INFO [main] org.apache.catalina.startup.VersionLoggerListener.log Версия ОС:             10.0
04-Feb-2023 17:14:04.092 INFO [main] org.apache.catalina.startup.VersionLoggerListener.log Архитектура:           amd64
04-Feb-2023 17:14:04.092 INFO [main] org.apache.catalina.startup.VersionLoggerListener.log Java Home:             C:\Program Files\Java\jdk-17.0.3.1
04-Feb-2023 17:14:04.092 INFO [main] org.apache.catalina.startup.VersionLoggerListener.log Версия JVM:            17.0.3.1+2-LTS-6
04-Feb-2023 17:14:04.092 INFO [main] org.apache.catalina.startup.VersionLoggerListener.log JVM Vendor:            Oracle Corporation
04-Feb-2023 17:14:04.092 INFO [main] org.apache.catalina.startup.VersionLoggerListener.log CATALINA_BASE:         C:\Java Projects\DataBaseProjects\MySQL3\apache-tomcat-9.0.71
04-Feb-2023 17:14:04.092 INFO [main] org.apache.catalina.startup.VersionLoggerListener.log CATALINA_HOME:         C:\Java Projects\DataBaseProjects\MySQL3\apache-tomcat-9.0.71
04-Feb-2023 17:14:04.110 INFO [main] org.apache.catalina.startup.VersionLoggerListener.log Command line argument: -Dcatalina.home=C:\Java Projects\DataBaseProjects\MySQL3\apache-tomcat-9.0.71
04-Feb-2023 17:14:04.110 INFO [main] org.apache.catalina.startup.VersionLoggerListener.log Command line argument: -Dcatalina.base=C:\Java Projects\DataBaseProjects\MySQL3\apache-tomcat-9.0.71
04-Feb-2023 17:14:04.110 INFO [main] org.apache.catalina.startup.VersionLoggerListener.log Command line argument: -Dignore.endorsed.dirs=C:\Java Projects\DataBaseProjects\MySQL3\apache-tomcat-9.0.71\endorsed
04-Feb-2023 17:14:04.110 INFO [main] org.apache.catalina.startup.VersionLoggerListener.log Command line argument: -Djava.io.tmpdir=C:\Java Projects\DataBaseProjects\MySQL3\apache-tomcat-9.0.71\temp
04-Feb-2023 17:14:04.110 INFO [main] org.apache.catalina.startup.VersionLoggerListener.log Command line argument: -Djava.util.logging.manager=org.apache.juli.ClassLoaderLogManager
04-Feb-2023 17:14:04.110 INFO [main] org.apache.catalina.startup.VersionLoggerListener.log Command line argument: -Djava.util.logging.config.file=C:\Java Projects\DataBaseProjects\MySQL3\apache-tomcat-9.0.71\conf\logging.properties
04-Feb-2023 17:14:04.110 INFO [main] org.apache.catalina.startup.VersionLoggerListener.log Command line argument: --add-opens=java.base/java.lang=ALL-UNNAMED
04-Feb-2023 17:14:04.110 INFO [main] org.apache.catalina.startup.VersionLoggerListener.log Command line argument: --add-opens=java.base/java.io=ALL-UNNAMED
04-Feb-2023 17:14:04.110 INFO [main] org.apache.catalina.startup.VersionLoggerListener.log Command line argument: --add-opens=java.base/java.util=ALL-UNNAMED
04-Feb-2023 17:14:04.110 INFO [main] org.apache.catalina.startup.VersionLoggerListener.log Command line argument: --add-opens=java.base/java.util.concurrent=ALL-UNNAMED
04-Feb-2023 17:14:04.110 INFO [main] org.apache.catalina.startup.VersionLoggerListener.log Command line argument: --add-opens=java.rmi/sun.rmi.transport=ALL-UNNAMED
04-Feb-2023 17:14:04.110 INFO [main] org.apache.catalina.startup.VersionLoggerListener.log Command line argument: exit
04-Feb-2023 17:14:04.110 INFO [main] org.apache.catalina.startup.VersionLoggerListener.log Command line argument: abort
04-Feb-2023 17:14:04.110 INFO [main] org.apache.catalina.startup.VersionLoggerListener.log Command line argument: -Xms128m
04-Feb-2023 17:14:04.110 INFO [main] org.apache.catalina.startup.VersionLoggerListener.log Command line argument: -Xmx256m
04-Feb-2023 17:14:04.110 INFO [main] org.apache.catalina.core.AprLifecycleListener.lifecycleEvent Loaded Apache Tomcat Native library [1.2.35] using APR version [1.7.0].
04-Feb-2023 17:14:04.110 INFO [main] org.apache.catalina.core.AprLifecycleListener.lifecycleEvent APR capabilities: IPv6 [true], sendfile [true], accept filters [false], random [true], UDS [true].
04-Feb-2023 17:14:04.110 INFO [main] org.apache.catalina.core.AprLifecycleListener.lifecycleEvent APR/OpenSSL configuration: useAprConnector [false], useOpenSSL [true]
04-Feb-2023 17:14:04.110 INFO [main] org.apache.catalina.core.AprLifecycleListener.initializeSSL OpenSSL successfully initialized [OpenSSL 1.1.1q  5 Jul 2022]
04-Feb-2023 17:14:04.454 INFO [main] org.apache.coyote.AbstractProtocol.init Initializing ProtocolHandler ["http-nio-8080"]
04-Feb-2023 17:14:04.485 INFO [main] org.apache.catalina.startup.Catalina.load Server initialization in [651] milliseconds
04-Feb-2023 17:14:04.548 INFO [main] org.apache.catalina.core.StandardService.startInternal Starting service [Catalina]
04-Feb-2023 17:14:04.548 INFO [main] org.apache.catalina.core.StandardEngine.startInternal Starting Servlet engine: [Apache Tomcat/9.0.71]
04-Feb-2023 17:14:04.548 INFO [main] org.apache.catalina.startup.HostConfig.deployDirectory Установка веб приложения в папку [C:\Java Projects\DataBaseProjects\MySQL3\apache-tomcat-9.0.71\webapps\MYSQL3]
04-Feb-2023 17:14:05.501 INFO [main] org.apache.jasper.servlet.TldScanner.scanJars At least one JAR was scanned for TLDs yet contained no TLDs. Enable debug logging for this logger for a complete list of JARs that were scanned but no TLDs were found in them. Skipping unneeded JARs during scanning can improve startup time and JSP compilation time.
04-Feb-2023 17:14:05.595 INFO [main] org.apache.catalina.startup.HostConfig.deployDirectory Deployment of web application directory [C:\Java Projects\DataBaseProjects\MySQL3\apache-tomcat-9.0.71\webapps\MYSQL3] has finished in [1 047] ms
04-Feb-2023 17:14:05.595 INFO [main] org.apache.catalina.startup.HostConfig.deployDirectory Установка веб приложения в папку [C:\Java Projects\DataBaseProjects\MySQL3\apache-tomcat-9.0.71\webapps\ROOT]
04-Feb-2023 17:14:06.063 INFO [main] org.apache.jasper.servlet.TldScanner.scanJars At least one JAR was scanned for TLDs yet contained no TLDs. Enable debug logging for this logger for a complete list of JARs that were scanned but no TLDs were found in them. Skipping unneeded JARs during scanning can improve startup time and JSP compilation time.
04-Feb-2023 17:14:06.063 INFO [main] org.apache.catalina.startup.HostConfig.deployDirectory Deployment of web application directory [C:\Java Projects\DataBaseProjects\MySQL3\apache-tomcat-9.0.71\webapps\ROOT] has finished in [468] ms
04-Feb-2023 17:14:06.079 INFO [main] org.apache.coyote.AbstractProtocol.start Starting ProtocolHandler ["http-nio-8080"]
04-Feb-2023 17:14:06.126 INFO [main] org.apache.catalina.startup.Catalina.start Server startup in [1632] milliseconds
04-Feb-2023 17:16:33.961 INFO [Thread-2] org.apache.coyote.AbstractProtocol.pause Pausing ProtocolHandler ["http-nio-8080"]
04-Feb-2023 17:16:33.977 INFO [Thread-2] org.apache.catalina.core.StandardService.stopInternal Stopping service [Catalina]
04-Feb-2023 17:16:33.996 INFO [Thread-2] org.apache.coyote.AbstractProtocol.stop Stopping ProtocolHandler ["http-nio-8080"]
04-Feb-2023 17:16:34.012 INFO [Thread-2] org.apache.coyote.AbstractProtocol.destroy Destroying ProtocolHandler ["http-nio-8080"]
04-Feb-2023 21:33:06.231 INFO [main] org.apache.catalina.startup.VersionLoggerListener.log Server version name:   Apache Tomcat/9.0.71
04-Feb-2023 21:33:06.239 INFO [main] org.apache.catalina.startup.VersionLoggerListener.log Server built:          Jan 9 2023 22:33:01 UTC
04-Feb-2023 21:33:06.239 INFO [main] org.apache.catalina.startup.VersionLoggerListener.log Server version number: 9.0.71.0
04-Feb-2023 21:33:06.239 INFO [main] org.apache.catalina.startup.VersionLoggerListener.log OS Name:               Windows 10
04-Feb-2023 21:33:06.239 INFO [main] org.apache.catalina.startup.VersionLoggerListener.log Версия ОС:             10.0
04-Feb-2023 21:33:06.239 INFO [main] org.apache.catalina.startup.VersionLoggerListener.log Архитектура:           amd64
04-Feb-2023 21:33:06.239 INFO [main] org.apache.catalina.startup.VersionLoggerListener.log Java Home:             C:\Program Files\Java\jdk-17.0.3.1
04-Feb-2023 21:33:06.239 INFO [main] org.apache.catalina.startup.VersionLoggerListener.log Версия JVM:            17.0.3.1+2-LTS-6
04-Feb-2023 21:33:06.239 INFO [main] org.apache.catalina.startup.VersionLoggerListener.log JVM Vendor:            Oracle Corporation
04-Feb-2023 21:33:06.239 INFO [main] org.apache.catalina.startup.VersionLoggerListener.log CATALINA_BASE:         C:\Java Projects\DataBaseProjects\MySQL3\apache-tomcat-9.0.71
04-Feb-2023 21:33:06.239 INFO [main] org.apache.catalina.startup.VersionLoggerListener.log CATALINA_HOME:         C:\Java Projects\DataBaseProjects\MySQL3\apache-tomcat-9.0.71
04-Feb-2023 21:33:06.256 INFO [main] org.apache.catalina.startup.VersionLoggerListener.log Command line argument: -Dcatalina.home=C:\Java Projects\DataBaseProjects\MySQL3\apache-tomcat-9.0.71
04-Feb-2023 21:33:06.256 INFO [main] org.apache.catalina.startup.VersionLoggerListener.log Command line argument: -Dcatalina.base=C:\Java Projects\DataBaseProjects\MySQL3\apache-tomcat-9.0.71
04-Feb-2023 21:33:06.256 INFO [main] org.apache.catalina.startup.VersionLoggerListener.log Command line argument: -Dignore.endorsed.dirs=C:\Java Projects\DataBaseProjects\MySQL3\apache-tomcat-9.0.71\endorsed
04-Feb-2023 21:33:06.256 INFO [main] org.apache.catalina.startup.VersionLoggerListener.log Command line argument: -Djava.io.tmpdir=C:\Java Projects\DataBaseProjects\MySQL3\apache-tomcat-9.0.71\temp
04-Feb-2023 21:33:06.256 INFO [main] org.apache.catalina.startup.VersionLoggerListener.log Command line argument: -Djava.util.logging.manager=org.apache.juli.ClassLoaderLogManager
04-Feb-2023 21:33:06.256 INFO [main] org.apache.catalina.startup.VersionLoggerListener.log Command line argument: -Djava.util.logging.config.file=C:\Java Projects\DataBaseProjects\MySQL3\apache-tomcat-9.0.71\conf\logging.properties
04-Feb-2023 21:33:06.256 INFO [main] org.apache.catalina.startup.VersionLoggerListener.log Command line argument: --add-opens=java.base/java.lang=ALL-UNNAMED
04-Feb-2023 21:33:06.256 INFO [main] org.apache.catalina.startup.VersionLoggerListener.log Command line argument: --add-opens=java.base/java.io=ALL-UNNAMED
04-Feb-2023 21:33:06.256 INFO [main] org.apache.catalina.startup.VersionLoggerListener.log Command line argument: --add-opens=java.base/java.util=ALL-UNNAMED
04-Feb-2023 21:33:06.256 INFO [main] org.apache.catalina.startup.VersionLoggerListener.log Command line argument: --add-opens=java.base/java.util.concurrent=ALL-UNNAMED
04-Feb-2023 21:33:06.256 INFO [main] org.apache.catalina.startup.VersionLoggerListener.log Command line argument: --add-opens=java.rmi/sun.rmi.transport=ALL-UNNAMED
04-Feb-2023 21:33:06.256 INFO [main] org.apache.catalina.startup.VersionLoggerListener.log Command line argument: exit
04-Feb-2023 21:33:06.256 INFO [main] org.apache.catalina.startup.VersionLoggerListener.log Command line argument: abort
04-Feb-2023 21:33:06.256 INFO [main] org.apache.catalina.startup.VersionLoggerListener.log Command line argument: -Xms128m
04-Feb-2023 21:33:06.256 INFO [main] org.apache.catalina.startup.VersionLoggerListener.log Command line argument: -Xmx256m
04-Feb-2023 21:33:06.256 INFO [main] org.apache.catalina.core.AprLifecycleListener.lifecycleEvent Loaded Apache Tomcat Native library [1.2.35] using APR version [1.7.0].
04-Feb-2023 21:33:06.256 INFO [main] org.apache.catalina.core.AprLifecycleListener.lifecycleEvent APR capabilities: IPv6 [true], sendfile [true], accept filters [false], random [true], UDS [true].
04-Feb-2023 21:33:06.256 INFO [main] org.apache.catalina.core.AprLifecycleListener.lifecycleEvent APR/OpenSSL configuration: useAprConnector [false], useOpenSSL [true]
04-Feb-2023 21:33:06.256 INFO [main] org.apache.catalina.core.AprLifecycleListener.initializeSSL OpenSSL successfully initialized [OpenSSL 1.1.1q  5 Jul 2022]
04-Feb-2023 21:33:06.615 INFO [main] org.apache.coyote.AbstractProtocol.init Initializing ProtocolHandler ["http-nio-8080"]
04-Feb-2023 21:33:06.646 INFO [main] org.apache.catalina.startup.Catalina.load Server initialization in [706] milliseconds
04-Feb-2023 21:33:06.693 INFO [main] org.apache.catalina.core.StandardService.startInternal Starting service [Catalina]
04-Feb-2023 21:33:06.693 INFO [main] org.apache.catalina.core.StandardEngine.startInternal Starting Servlet engine: [Apache Tomcat/9.0.71]
04-Feb-2023 21:33:06.709 INFO [main] org.apache.catalina.startup.HostConfig.deployDirectory Установка веб приложения в папку [C:\Java Projects\DataBaseProjects\MySQL3\apache-tomcat-9.0.71\webapps\MYSQL3]
04-Feb-2023 21:33:07.709 INFO [main] org.apache.jasper.servlet.TldScanner.scanJars At least one JAR was scanned for TLDs yet contained no TLDs. Enable debug logging for this logger for a complete list of JARs that were scanned but no TLDs were found in them. Skipping unneeded JARs during scanning can improve startup time and JSP compilation time.
04-Feb-2023 21:33:07.803 INFO [main] org.apache.catalina.startup.HostConfig.deployDirectory Deployment of web application directory [C:\Java Projects\DataBaseProjects\MySQL3\apache-tomcat-9.0.71\webapps\MYSQL3] has finished in [1 094] ms
04-Feb-2023 21:33:07.803 INFO [main] org.apache.catalina.startup.HostConfig.deployDirectory Установка веб приложения в папку [C:\Java Projects\DataBaseProjects\MySQL3\apache-tomcat-9.0.71\webapps\ROOT]
04-Feb-2023 21:33:08.271 INFO [main] org.apache.jasper.servlet.TldScanner.scanJars At least one JAR was scanned for TLDs yet contained no TLDs. Enable debug logging for this logger for a complete list of JARs that were scanned but no TLDs were found in them. Skipping unneeded JARs during scanning can improve startup time and JSP compilation time.
04-Feb-2023 21:33:08.287 INFO [main] org.apache.catalina.startup.HostConfig.deployDirectory Deployment of web application directory [C:\Java Projects\DataBaseProjects\MySQL3\apache-tomcat-9.0.71\webapps\ROOT] has finished in [484] ms
04-Feb-2023 21:33:08.287 INFO [main] org.apache.coyote.AbstractProtocol.start Starting ProtocolHandler ["http-nio-8080"]
04-Feb-2023 21:33:08.350 INFO [main] org.apache.catalina.startup.Catalina.start Server startup in [1704] milliseconds
04-Feb-2023 21:45:44.640 INFO [Thread-2] org.apache.coyote.AbstractProtocol.pause Pausing ProtocolHandler ["http-nio-8080"]
04-Feb-2023 21:45:44.655 INFO [Thread-2] org.apache.catalina.core.StandardService.stopInternal Stopping service [Catalina]
04-Feb-2023 21:45:44.760 INFO [Thread-2] org.apache.coyote.AbstractProtocol.stop Stopping ProtocolHandler ["http-nio-8080"]
04-Feb-2023 21:45:44.776 INFO [Thread-2] org.apache.coyote.AbstractProtocol.destroy Destroying ProtocolHandler ["http-nio-8080"]
04-Feb-2023 21:45:46.994 INFO [main] org.apache.catalina.startup.VersionLoggerListener.log Server version name:   Apache Tomcat/9.0.71
04-Feb-2023 21:45:46.999 INFO [main] org.apache.catalina.startup.VersionLoggerListener.log Server built:          Jan 9 2023 22:33:01 UTC
04-Feb-2023 21:45:46.999 INFO [main] org.apache.catalina.startup.VersionLoggerListener.log Server version number: 9.0.71.0
04-Feb-2023 21:45:46.999 INFO [main] org.apache.catalina.startup.VersionLoggerListener.log OS Name:               Windows 10
04-Feb-2023 21:45:46.999 INFO [main] org.apache.catalina.startup.VersionLoggerListener.log Версия ОС:             10.0
04-Feb-2023 21:45:46.999 INFO [main] org.apache.catalina.startup.VersionLoggerListener.log Архитектура:           amd64
04-Feb-2023 21:45:46.999 INFO [main] org.apache.catalina.startup.VersionLoggerListener.log Java Home:             C:\Program Files\Java\jdk-17.0.3.1
04-Feb-2023 21:45:46.999 INFO [main] org.apache.catalina.startup.VersionLoggerListener.log Версия JVM:            17.0.3.1+2-LTS-6
04-Feb-2023 21:45:46.999 INFO [main] org.apache.catalina.startup.VersionLoggerListener.log JVM Vendor:            Oracle Corporation
04-Feb-2023 21:45:46.999 INFO [main] org.apache.catalina.startup.VersionLoggerListener.log CATALINA_BASE:         C:\Java Projects\DataBaseProjects\MySQL3\apache-tomcat-9.0.71
04-Feb-2023 21:45:46.999 INFO [main] org.apache.catalina.startup.VersionLoggerListener.log CATALINA_HOME:         C:\Java Projects\DataBaseProjects\MySQL3\apache-tomcat-9.0.71
04-Feb-2023 21:45:47.014 INFO [main] org.apache.catalina.startup.VersionLoggerListener.log Command line argument: -Dcatalina.home=C:\Java Projects\DataBaseProjects\MySQL3\apache-tomcat-9.0.71
04-Feb-2023 21:45:47.014 INFO [main] org.apache.catalina.startup.VersionLoggerListener.log Command line argument: -Dcatalina.base=C:\Java Projects\DataBaseProjects\MySQL3\apache-tomcat-9.0.71
04-Feb-2023 21:45:47.014 INFO [main] org.apache.catalina.startup.VersionLoggerListener.log Command line argument: -Dignore.endorsed.dirs=C:\Java Projects\DataBaseProjects\MySQL3\apache-tomcat-9.0.71\endorsed
04-Feb-2023 21:45:47.014 INFO [main] org.apache.catalina.startup.VersionLoggerListener.log Command line argument: -Djava.io.tmpdir=C:\Java Projects\DataBaseProjects\MySQL3\apache-tomcat-9.0.71\temp
04-Feb-2023 21:45:47.014 INFO [main] org.apache.catalina.startup.VersionLoggerListener.log Command line argument: -Djava.util.logging.manager=org.apache.juli.ClassLoaderLogManager
04-Feb-2023 21:45:47.014 INFO [main] org.apache.catalina.startup.VersionLoggerListener.log Command line argument: -Djava.util.logging.config.file=C:\Java Projects\DataBaseProjects\MySQL3\apache-tomcat-9.0.71\conf\logging.properties
04-Feb-2023 21:45:47.014 INFO [main] org.apache.catalina.startup.VersionLoggerListener.log Command line argument: --add-opens=java.base/java.lang=ALL-UNNAMED
04-Feb-2023 21:45:47.014 INFO [main] org.apache.catalina.startup.VersionLoggerListener.log Command line argument: --add-opens=java.base/java.io=ALL-UNNAMED
04-Feb-2023 21:45:47.014 INFO [main] org.apache.catalina.startup.VersionLoggerListener.log Command line argument: --add-opens=java.base/java.util=ALL-UNNAMED
04-Feb-2023 21:45:47.014 INFO [main] org.apache.catalina.startup.VersionLoggerListener.log Command line argument: --add-opens=java.base/java.util.concurrent=ALL-UNNAMED
04-Feb-2023 21:45:47.014 INFO [main] org.apache.catalina.startup.VersionLoggerListener.log Command line argument: --add-opens=java.rmi/sun.rmi.transport=ALL-UNNAMED
04-Feb-2023 21:45:47.014 INFO [main] org.apache.catalina.startup.VersionLoggerListener.log Command line argument: exit
04-Feb-2023 21:45:47.014 INFO [main] org.apache.catalina.startup.VersionLoggerListener.log Command line argument: abort
04-Feb-2023 21:45:47.014 INFO [main] org.apache.catalina.startup.VersionLoggerListener.log Command line argument: -Xms128m
04-Feb-2023 21:45:47.014 INFO [main] org.apache.catalina.startup.VersionLoggerListener.log Command line argument: -Xmx256m
04-Feb-2023 21:45:47.014 INFO [main] org.apache.catalina.core.AprLifecycleListener.lifecycleEvent Loaded Apache Tomcat Native library [1.2.35] using APR version [1.7.0].
04-Feb-2023 21:45:47.014 INFO [main] org.apache.catalina.core.AprLifecycleListener.lifecycleEvent APR capabilities: IPv6 [true], sendfile [true], accept filters [false], random [true], UDS [true].
04-Feb-2023 21:45:47.014 INFO [main] org.apache.catalina.core.AprLifecycleListener.lifecycleEvent APR/OpenSSL configuration: useAprConnector [false], useOpenSSL [true]
04-Feb-2023 21:45:47.014 INFO [main] org.apache.catalina.core.AprLifecycleListener.initializeSSL OpenSSL successfully initialized [OpenSSL 1.1.1q  5 Jul 2022]
04-Feb-2023 21:45:47.373 INFO [main] org.apache.coyote.AbstractProtocol.init Initializing ProtocolHandler ["http-nio-8080"]
04-Feb-2023 21:45:47.405 INFO [main] org.apache.catalina.startup.Catalina.load Server initialization in [661] milliseconds
04-Feb-2023 21:45:47.467 INFO [main] org.apache.catalina.core.StandardService.startInternal Starting service [Catalina]
04-Feb-2023 21:45:47.467 INFO [main] org.apache.catalina.core.StandardEngine.startInternal Starting Servlet engine: [Apache Tomcat/9.0.71]
04-Feb-2023 21:45:47.483 INFO [main] org.apache.catalina.startup.HostConfig.deployDirectory Установка веб приложения в папку [C:\Java Projects\DataBaseProjects\MySQL3\apache-tomcat-9.0.71\webapps\MYSQL3]
04-Feb-2023 21:45:48.452 INFO [main] org.apache.jasper.servlet.TldScanner.scanJars At least one JAR was scanned for TLDs yet contained no TLDs. Enable debug logging for this logger for a complete list of JARs that were scanned but no TLDs were found in them. Skipping unneeded JARs during scanning can improve startup time and JSP compilation time.
04-Feb-2023 21:45:48.545 INFO [main] org.apache.catalina.startup.HostConfig.deployDirectory Deployment of web application directory [C:\Java Projects\DataBaseProjects\MySQL3\apache-tomcat-9.0.71\webapps\MYSQL3] has finished in [1 047] ms
04-Feb-2023 21:45:48.545 INFO [main] org.apache.catalina.startup.HostConfig.deployDirectory Установка веб приложения в папку [C:\Java Projects\DataBaseProjects\MySQL3\apache-tomcat-9.0.71\webapps\ROOT]
04-Feb-2023 21:45:48.998 INFO [main] org.apache.jasper.servlet.TldScanner.scanJars At least one JAR was scanned for TLDs yet contained no TLDs. Enable debug logging for this logger for a complete list of JARs that were scanned but no TLDs were found in them. Skipping unneeded JARs during scanning can improve startup time and JSP compilation time.
04-Feb-2023 21:45:49.014 INFO [main] org.apache.catalina.startup.HostConfig.deployDirectory Deployment of web application directory [C:\Java Projects\DataBaseProjects\MySQL3\apache-tomcat-9.0.71\webapps\ROOT] has finished in [469] ms
04-Feb-2023 21:45:49.014 INFO [main] org.apache.coyote.AbstractProtocol.start Starting ProtocolHandler ["http-nio-8080"]
04-Feb-2023 21:45:49.077 INFO [main] org.apache.catalina.startup.Catalina.start Server startup in [1657] milliseconds
04-Feb-2023 21:51:47.927 INFO [Thread-2] org.apache.coyote.AbstractProtocol.pause Pausing ProtocolHandler ["http-nio-8080"]
04-Feb-2023 21:51:47.927 INFO [Thread-2] org.apache.catalina.core.StandardService.stopInternal Stopping service [Catalina]
04-Feb-2023 21:51:47.968 INFO [Thread-2] org.apache.coyote.AbstractProtocol.stop Stopping ProtocolHandler ["http-nio-8080"]
04-Feb-2023 21:51:47.984 INFO [Thread-2] org.apache.coyote.AbstractProtocol.destroy Destroying ProtocolHandler ["http-nio-8080"]
04-Feb-2023 21:51:49.843 INFO [main] org.apache.catalina.startup.VersionLoggerListener.log Server version name:   Apache Tomcat/9.0.71
04-Feb-2023 21:51:49.854 INFO [main] org.apache.catalina.startup.VersionLoggerListener.log Server built:          Jan 9 2023 22:33:01 UTC
04-Feb-2023 21:51:49.854 INFO [main] org.apache.catalina.startup.VersionLoggerListener.log Server version number: 9.0.71.0
04-Feb-2023 21:51:49.854 INFO [main] org.apache.catalina.startup.VersionLoggerListener.log OS Name:               Windows 10
04-Feb-2023 21:51:49.854 INFO [main] org.apache.catalina.startup.VersionLoggerListener.log Версия ОС:             10.0
04-Feb-2023 21:51:49.854 INFO [main] org.apache.catalina.startup.VersionLoggerListener.log Архитектура:           amd64
04-Feb-2023 21:51:49.854 INFO [main] org.apache.catalina.startup.VersionLoggerListener.log Java Home:             C:\Program Files\Java\jdk-17.0.3.1
04-Feb-2023 21:51:49.854 INFO [main] org.apache.catalina.startup.VersionLoggerListener.log Версия JVM:            17.0.3.1+2-LTS-6
04-Feb-2023 21:51:49.854 INFO [main] org.apache.catalina.startup.VersionLoggerListener.log JVM Vendor:            Oracle Corporation
04-Feb-2023 21:51:49.854 INFO [main] org.apache.catalina.startup.VersionLoggerListener.log CATALINA_BASE:         C:\Java Projects\DataBaseProjects\MySQL3\apache-tomcat-9.0.71
04-Feb-2023 21:51:49.854 INFO [main] org.apache.catalina.startup.VersionLoggerListener.log CATALINA_HOME:         C:\Java Projects\DataBaseProjects\MySQL3\apache-tomcat-9.0.71
04-Feb-2023 21:51:49.869 INFO [main] org.apache.catalina.startup.VersionLoggerListener.log Command line argument: -Dcatalina.home=C:\Java Projects\DataBaseProjects\MySQL3\apache-tomcat-9.0.71
04-Feb-2023 21:51:49.869 INFO [main] org.apache.catalina.startup.VersionLoggerListener.log Command line argument: -Dcatalina.base=C:\Java Projects\DataBaseProjects\MySQL3\apache-tomcat-9.0.71
04-Feb-2023 21:51:49.869 INFO [main] org.apache.catalina.startup.VersionLoggerListener.log Command line argument: -Dignore.endorsed.dirs=C:\Java Projects\DataBaseProjects\MySQL3\apache-tomcat-9.0.71\endorsed
04-Feb-2023 21:51:49.869 INFO [main] org.apache.catalina.startup.VersionLoggerListener.log Command line argument: -Djava.io.tmpdir=C:\Java Projects\DataBaseProjects\MySQL3\apache-tomcat-9.0.71\temp
04-Feb-2023 21:51:49.869 INFO [main] org.apache.catalina.startup.VersionLoggerListener.log Command line argument: -Djava.util.logging.manager=org.apache.juli.ClassLoaderLogManager
04-Feb-2023 21:51:49.869 INFO [main] org.apache.catalina.startup.VersionLoggerListener.log Command line argument: -Djava.util.logging.config.file=C:\Java Projects\DataBaseProjects\MySQL3\apache-tomcat-9.0.71\conf\logging.properties
04-Feb-2023 21:51:49.869 INFO [main] org.apache.catalina.startup.VersionLoggerListener.log Command line argument: --add-opens=java.base/java.lang=ALL-UNNAMED
04-Feb-2023 21:51:49.869 INFO [main] org.apache.catalina.startup.VersionLoggerListener.log Command line argument: --add-opens=java.base/java.io=ALL-UNNAMED
04-Feb-2023 21:51:49.869 INFO [main] org.apache.catalina.startup.VersionLoggerListener.log Command line argument: --add-opens=java.base/java.util=ALL-UNNAMED
04-Feb-2023 21:51:49.869 INFO [main] org.apache.catalina.startup.VersionLoggerListener.log Command line argument: --add-opens=java.base/java.util.concurrent=ALL-UNNAMED
04-Feb-2023 21:51:49.869 INFO [main] org.apache.catalina.startup.VersionLoggerListener.log Command line argument: --add-opens=java.rmi/sun.rmi.transport=ALL-UNNAMED
04-Feb-2023 21:51:49.869 INFO [main] org.apache.catalina.startup.VersionLoggerListener.log Command line argument: exit
04-Feb-2023 21:51:49.869 INFO [main] org.apache.catalina.startup.VersionLoggerListener.log Command line argument: abort
04-Feb-2023 21:51:49.869 INFO [main] org.apache.catalina.startup.VersionLoggerListener.log Command line argument: -Xms128m
04-Feb-2023 21:51:49.869 INFO [main] org.apache.catalina.startup.VersionLoggerListener.log Command line argument: -Xmx256m
04-Feb-2023 21:51:49.869 INFO [main] org.apache.catalina.core.AprLifecycleListener.lifecycleEvent Loaded Apache Tomcat Native library [1.2.35] using APR version [1.7.0].
04-Feb-2023 21:51:49.869 INFO [main] org.apache.catalina.core.AprLifecycleListener.lifecycleEvent APR capabilities: IPv6 [true], sendfile [true], accept filters [false], random [true], UDS [true].
04-Feb-2023 21:51:49.869 INFO [main] org.apache.catalina.core.AprLifecycleListener.lifecycleEvent APR/OpenSSL configuration: useAprConnector [false], useOpenSSL [true]
04-Feb-2023 21:51:49.869 INFO [main] org.apache.catalina.core.AprLifecycleListener.initializeSSL OpenSSL successfully initialized [OpenSSL 1.1.1q  5 Jul 2022]
04-Feb-2023 21:51:50.260 INFO [main] org.apache.coyote.AbstractProtocol.init Initializing ProtocolHandler ["http-nio-8080"]
04-Feb-2023 21:51:50.291 INFO [main] org.apache.catalina.startup.Catalina.load Server initialization in [690] milliseconds
04-Feb-2023 21:51:50.354 INFO [main] org.apache.catalina.core.StandardService.startInternal Starting service [Catalina]
04-Feb-2023 21:51:50.354 INFO [main] org.apache.catalina.core.StandardEngine.startInternal Starting Servlet engine: [Apache Tomcat/9.0.71]
04-Feb-2023 21:51:50.369 INFO [main] org.apache.catalina.startup.HostConfig.deployDirectory Установка веб приложения в папку [C:\Java Projects\DataBaseProjects\MySQL3\apache-tomcat-9.0.71\webapps\MYSQL3]
04-Feb-2023 21:51:51.338 INFO [main] org.apache.jasper.servlet.TldScanner.scanJars At least one JAR was scanned for TLDs yet contained no TLDs. Enable debug logging for this logger for a complete list of JARs that were scanned but no TLDs were found in them. Skipping unneeded JARs during scanning can improve startup time and JSP compilation time.
04-Feb-2023 21:51:51.416 INFO [main] org.apache.catalina.startup.HostConfig.deployDirectory Deployment of web application directory [C:\Java Projects\DataBaseProjects\MySQL3\apache-tomcat-9.0.71\webapps\MYSQL3] has finished in [1 047] ms
04-Feb-2023 21:51:51.416 INFO [main] org.apache.catalina.startup.HostConfig.deployDirectory Установка веб приложения в папку [C:\Java Projects\DataBaseProjects\MySQL3\apache-tomcat-9.0.71\webapps\ROOT]
04-Feb-2023 21:51:51.901 INFO [main] org.apache.jasper.servlet.TldScanner.scanJars At least one JAR was scanned for TLDs yet contained no TLDs. Enable debug logging for this logger for a complete list of JARs that were scanned but no TLDs were found in them. Skipping unneeded JARs during scanning can improve startup time and JSP compilation time.
04-Feb-2023 21:51:51.916 INFO [main] org.apache.catalina.startup.HostConfig.deployDirectory Deployment of web application directory [C:\Java Projects\DataBaseProjects\MySQL3\apache-tomcat-9.0.71\webapps\ROOT] has finished in [500] ms
04-Feb-2023 21:51:51.916 INFO [main] org.apache.coyote.AbstractProtocol.start Starting ProtocolHandler ["http-nio-8080"]
04-Feb-2023 21:51:51.979 INFO [main] org.apache.catalina.startup.Catalina.start Server startup in [1680] milliseconds
04-Feb-2023 21:53:02.012 INFO [Thread-2] org.apache.coyote.AbstractProtocol.pause Pausing ProtocolHandler ["http-nio-8080"]
04-Feb-2023 21:53:02.043 INFO [Thread-2] org.apache.catalina.core.StandardService.stopInternal Stopping service [Catalina]
04-Feb-2023 21:53:02.056 INFO [Thread-2] org.apache.coyote.AbstractProtocol.stop Stopping ProtocolHandler ["http-nio-8080"]
04-Feb-2023 21:53:02.071 INFO [Thread-2] org.apache.coyote.AbstractProtocol.destroy Destroying ProtocolHandler ["http-nio-8080"]
04-Feb-2023 21:53:03.915 INFO [main] org.apache.catalina.startup.VersionLoggerListener.log Server version name:   Apache Tomcat/9.0.71
04-Feb-2023 21:53:03.923 INFO [main] org.apache.catalina.startup.VersionLoggerListener.log Server built:          Jan 9 2023 22:33:01 UTC
04-Feb-2023 21:53:03.923 INFO [main] org.apache.catalina.startup.VersionLoggerListener.log Server version number: 9.0.71.0
04-Feb-2023 21:53:03.923 INFO [main] org.apache.catalina.startup.VersionLoggerListener.log OS Name:               Windows 10
04-Feb-2023 21:53:03.923 INFO [main] org.apache.catalina.startup.VersionLoggerListener.log Версия ОС:             10.0
04-Feb-2023 21:53:03.923 INFO [main] org.apache.catalina.startup.VersionLoggerListener.log Архитектура:           amd64
04-Feb-2023 21:53:03.923 INFO [main] org.apache.catalina.startup.VersionLoggerListener.log Java Home:             C:\Program Files\Java\jdk-17.0.3.1
04-Feb-2023 21:53:03.923 INFO [main] org.apache.catalina.startup.VersionLoggerListener.log Версия JVM:            17.0.3.1+2-LTS-6
04-Feb-2023 21:53:03.923 INFO [main] org.apache.catalina.startup.VersionLoggerListener.log JVM Vendor:            Oracle Corporation
04-Feb-2023 21:53:03.923 INFO [main] org.apache.catalina.startup.VersionLoggerListener.log CATALINA_BASE:         C:\Java Projects\DataBaseProjects\MySQL3\apache-tomcat-9.0.71
04-Feb-2023 21:53:03.923 INFO [main] org.apache.catalina.startup.VersionLoggerListener.log CATALINA_HOME:         C:\Java Projects\DataBaseProjects\MySQL3\apache-tomcat-9.0.71
04-Feb-2023 21:53:03.938 INFO [main] org.apache.catalina.startup.VersionLoggerListener.log Command line argument: -Dcatalina.home=C:\Java Projects\DataBaseProjects\MySQL3\apache-tomcat-9.0.71
04-Feb-2023 21:53:03.938 INFO [main] org.apache.catalina.startup.VersionLoggerListener.log Command line argument: -Dcatalina.base=C:\Java Projects\DataBaseProjects\MySQL3\apache-tomcat-9.0.71
04-Feb-2023 21:53:03.938 INFO [main] org.apache.catalina.startup.VersionLoggerListener.log Command line argument: -Dignore.endorsed.dirs=C:\Java Projects\DataBaseProjects\MySQL3\apache-tomcat-9.0.71\endorsed
04-Feb-2023 21:53:03.938 INFO [main] org.apache.catalina.startup.VersionLoggerListener.log Command line argument: -Djava.io.tmpdir=C:\Java Projects\DataBaseProjects\MySQL3\apache-tomcat-9.0.71\temp
04-Feb-2023 21:53:03.938 INFO [main] org.apache.catalina.startup.VersionLoggerListener.log Command line argument: -Djava.util.logging.manager=org.apache.juli.ClassLoaderLogManager
04-Feb-2023 21:53:03.938 INFO [main] org.apache.catalina.startup.VersionLoggerListener.log Command line argument: -Djava.util.logging.config.file=C:\Java Projects\DataBaseProjects\MySQL3\apache-tomcat-9.0.71\conf\logging.properties
04-Feb-2023 21:53:03.938 INFO [main] org.apache.catalina.startup.VersionLoggerListener.log Command line argument: --add-opens=java.base/java.lang=ALL-UNNAMED
04-Feb-2023 21:53:03.938 INFO [main] org.apache.catalina.startup.VersionLoggerListener.log Command line argument: --add-opens=java.base/java.io=ALL-UNNAMED
04-Feb-2023 21:53:03.938 INFO [main] org.apache.catalina.startup.VersionLoggerListener.log Command line argument: --add-opens=java.base/java.util=ALL-UNNAMED
04-Feb-2023 21:53:03.938 INFO [main] org.apache.catalina.startup.VersionLoggerListener.log Command line argument: --add-opens=java.base/java.util.concurrent=ALL-UNNAMED
04-Feb-2023 21:53:03.938 INFO [main] org.apache.catalina.startup.VersionLoggerListener.log Command line argument: --add-opens=java.rmi/sun.rmi.transport=ALL-UNNAMED
04-Feb-2023 21:53:03.938 INFO [main] org.apache.catalina.startup.VersionLoggerListener.log Command line argument: exit
04-Feb-2023 21:53:03.938 INFO [main] org.apache.catalina.startup.VersionLoggerListener.log Command line argument: abort
04-Feb-2023 21:53:03.938 INFO [main] org.apache.catalina.startup.VersionLoggerListener.log Command line argument: -Xms128m
04-Feb-2023 21:53:03.938 INFO [main] org.apache.catalina.startup.VersionLoggerListener.log Command line argument: -Xmx256m
04-Feb-2023 21:53:03.938 INFO [main] org.apache.catalina.core.AprLifecycleListener.lifecycleEvent Loaded Apache Tomcat Native library [1.2.35] using APR version [1.7.0].
04-Feb-2023 21:53:03.938 INFO [main] org.apache.catalina.core.AprLifecycleListener.lifecycleEvent APR capabilities: IPv6 [true], sendfile [true], accept filters [false], random [true], UDS [true].
04-Feb-2023 21:53:03.938 INFO [main] org.apache.catalina.core.AprLifecycleListener.lifecycleEvent APR/OpenSSL configuration: useAprConnector [false], useOpenSSL [true]
04-Feb-2023 21:53:03.938 INFO [main] org.apache.catalina.core.AprLifecycleListener.initializeSSL OpenSSL successfully initialized [OpenSSL 1.1.1q  5 Jul 2022]
04-Feb-2023 21:53:04.313 INFO [main] org.apache.coyote.AbstractProtocol.init Initializing ProtocolHandler ["http-nio-8080"]
04-Feb-2023 21:53:04.344 INFO [main] org.apache.catalina.startup.Catalina.load Server initialization in [663] milliseconds
04-Feb-2023 21:53:04.391 INFO [main] org.apache.catalina.core.StandardService.startInternal Starting service [Catalina]
04-Feb-2023 21:53:04.391 INFO [main] org.apache.catalina.core.StandardEngine.startInternal Starting Servlet engine: [Apache Tomcat/9.0.71]
04-Feb-2023 21:53:04.407 INFO [main] org.apache.catalina.startup.HostConfig.deployDirectory Установка веб приложения в папку [C:\Java Projects\DataBaseProjects\MySQL3\apache-tomcat-9.0.71\webapps\MYSQL3]
04-Feb-2023 21:53:05.360 INFO [main] org.apache.jasper.servlet.TldScanner.scanJars At least one JAR was scanned for TLDs yet contained no TLDs. Enable debug logging for this logger for a complete list of JARs that were scanned but no TLDs were found in them. Skipping unneeded JARs during scanning can improve startup time and JSP compilation time.
04-Feb-2023 21:53:05.454 INFO [main] org.apache.catalina.startup.HostConfig.deployDirectory Deployment of web application directory [C:\Java Projects\DataBaseProjects\MySQL3\apache-tomcat-9.0.71\webapps\MYSQL3] has finished in [1 047] ms
04-Feb-2023 21:53:05.454 INFO [main] org.apache.catalina.startup.HostConfig.deployDirectory Установка веб приложения в папку [C:\Java Projects\DataBaseProjects\MySQL3\apache-tomcat-9.0.71\webapps\ROOT]
04-Feb-2023 21:53:05.922 INFO [main] org.apache.jasper.servlet.TldScanner.scanJars At least one JAR was scanned for TLDs yet contained no TLDs. Enable debug logging for this logger for a complete list of JARs that were scanned but no TLDs were found in them. Skipping unneeded JARs during scanning can improve startup time and JSP compilation time.
04-Feb-2023 21:53:05.938 INFO [main] org.apache.catalina.startup.HostConfig.deployDirectory Deployment of web application directory [C:\Java Projects\DataBaseProjects\MySQL3\apache-tomcat-9.0.71\webapps\ROOT] has finished in [484] ms
04-Feb-2023 21:53:05.938 INFO [main] org.apache.coyote.AbstractProtocol.start Starting ProtocolHandler ["http-nio-8080"]
04-Feb-2023 21:53:06.000 INFO [main] org.apache.catalina.startup.Catalina.start Server startup in [1653] milliseconds
04-Feb-2023 21:56:35.609 INFO [Thread-2] org.apache.coyote.AbstractProtocol.pause Pausing ProtocolHandler ["http-nio-8080"]
04-Feb-2023 21:56:35.625 INFO [Thread-2] org.apache.catalina.core.StandardService.stopInternal Stopping service [Catalina]
04-Feb-2023 21:56:35.646 INFO [Thread-2] org.apache.coyote.AbstractProtocol.stop Stopping ProtocolHandler ["http-nio-8080"]
04-Feb-2023 21:56:35.661 INFO [Thread-2] org.apache.coyote.AbstractProtocol.destroy Destroying ProtocolHandler ["http-nio-8080"]
04-Feb-2023 21:56:37.614 INFO [main] org.apache.catalina.startup.VersionLoggerListener.log Server version name:   Apache Tomcat/9.0.71
04-Feb-2023 21:56:37.634 INFO [main] org.apache.catalina.startup.VersionLoggerListener.log Server built:          Jan 9 2023 22:33:01 UTC
04-Feb-2023 21:56:37.634 INFO [main] org.apache.catalina.startup.VersionLoggerListener.log Server version number: 9.0.71.0
04-Feb-2023 21:56:37.634 INFO [main] org.apache.catalina.startup.VersionLoggerListener.log OS Name:               Windows 10
04-Feb-2023 21:56:37.634 INFO [main] org.apache.catalina.startup.VersionLoggerListener.log Версия ОС:             10.0
04-Feb-2023 21:56:37.634 INFO [main] org.apache.catalina.startup.VersionLoggerListener.log Архитектура:           amd64
04-Feb-2023 21:56:37.634 INFO [main] org.apache.catalina.startup.VersionLoggerListener.log Java Home:             C:\Program Files\Java\jdk-17.0.3.1
04-Feb-2023 21:56:37.634 INFO [main] org.apache.catalina.startup.VersionLoggerListener.log Версия JVM:            17.0.3.1+2-LTS-6
04-Feb-2023 21:56:37.634 INFO [main] org.apache.catalina.startup.VersionLoggerListener.log JVM Vendor:            Oracle Corporation
04-Feb-2023 21:56:37.634 INFO [main] org.apache.catalina.startup.VersionLoggerListener.log CATALINA_BASE:         C:\Java Projects\DataBaseProjects\MySQL3\apache-tomcat-9.0.71
04-Feb-2023 21:56:37.634 INFO [main] org.apache.catalina.startup.VersionLoggerListener.log CATALINA_HOME:         C:\Java Projects\DataBaseProjects\MySQL3\apache-tomcat-9.0.71
04-Feb-2023 21:56:37.649 INFO [main] org.apache.catalina.startup.VersionLoggerListener.log Command line argument: -Dcatalina.home=C:\Java Projects\DataBaseProjects\MySQL3\apache-tomcat-9.0.71
04-Feb-2023 21:56:37.649 INFO [main] org.apache.catalina.startup.VersionLoggerListener.log Command line argument: -Dcatalina.base=C:\Java Projects\DataBaseProjects\MySQL3\apache-tomcat-9.0.71
04-Feb-2023 21:56:37.649 INFO [main] org.apache.catalina.startup.VersionLoggerListener.log Command line argument: -Dignore.endorsed.dirs=C:\Java Projects\DataBaseProjects\MySQL3\apache-tomcat-9.0.71\endorsed
04-Feb-2023 21:56:37.649 INFO [main] org.apache.catalina.startup.VersionLoggerListener.log Command line argument: -Djava.io.tmpdir=C:\Java Projects\DataBaseProjects\MySQL3\apache-tomcat-9.0.71\temp
04-Feb-2023 21:56:37.649 INFO [main] org.apache.catalina.startup.VersionLoggerListener.log Command line argument: -Djava.util.logging.manager=org.apache.juli.ClassLoaderLogManager
04-Feb-2023 21:56:37.649 INFO [main] org.apache.catalina.startup.VersionLoggerListener.log Command line argument: -Djava.util.logging.config.file=C:\Java Projects\DataBaseProjects\MySQL3\apache-tomcat-9.0.71\conf\logging.properties
04-Feb-2023 21:56:37.649 INFO [main] org.apache.catalina.startup.VersionLoggerListener.log Command line argument: --add-opens=java.base/java.lang=ALL-UNNAMED
04-Feb-2023 21:56:37.649 INFO [main] org.apache.catalina.startup.VersionLoggerListener.log Command line argument: --add-opens=java.base/java.io=ALL-UNNAMED
04-Feb-2023 21:56:37.649 INFO [main] org.apache.catalina.startup.VersionLoggerListener.log Command line argument: --add-opens=java.base/java.util=ALL-UNNAMED
04-Feb-2023 21:56:37.649 INFO [main] org.apache.catalina.startup.VersionLoggerListener.log Command line argument: --add-opens=java.base/java.util.concurrent=ALL-UNNAMED
04-Feb-2023 21:56:37.649 INFO [main] org.apache.catalina.startup.VersionLoggerListener.log Command line argument: --add-opens=java.rmi/sun.rmi.transport=ALL-UNNAMED
04-Feb-2023 21:56:37.649 INFO [main] org.apache.catalina.startup.VersionLoggerListener.log Command line argument: exit
04-Feb-2023 21:56:37.649 INFO [main] org.apache.catalina.startup.VersionLoggerListener.log Command line argument: abort
04-Feb-2023 21:56:37.649 INFO [main] org.apache.catalina.startup.VersionLoggerListener.log Command line argument: -Xms128m
04-Feb-2023 21:56:37.649 INFO [main] org.apache.catalina.startup.VersionLoggerListener.log Command line argument: -Xmx256m
04-Feb-2023 21:56:37.649 INFO [main] org.apache.catalina.core.AprLifecycleListener.lifecycleEvent Loaded Apache Tomcat Native library [1.2.35] using APR version [1.7.0].
04-Feb-2023 21:56:37.649 INFO [main] org.apache.catalina.core.AprLifecycleListener.lifecycleEvent APR capabilities: IPv6 [true], sendfile [true], accept filters [false], random [true], UDS [true].
04-Feb-2023 21:56:37.649 INFO [main] org.apache.catalina.core.AprLifecycleListener.lifecycleEvent APR/OpenSSL configuration: useAprConnector [false], useOpenSSL [true]
04-Feb-2023 21:56:37.649 INFO [main] org.apache.catalina.core.AprLifecycleListener.initializeSSL OpenSSL successfully initialized [OpenSSL 1.1.1q  5 Jul 2022]
04-Feb-2023 21:56:38.009 INFO [main] org.apache.coyote.AbstractProtocol.init Initializing ProtocolHandler ["http-nio-8080"]
04-Feb-2023 21:56:38.040 INFO [main] org.apache.catalina.startup.Catalina.load Server initialization in [657] milliseconds
04-Feb-2023 21:56:38.087 INFO [main] org.apache.catalina.core.StandardService.startInternal Starting service [Catalina]
04-Feb-2023 21:56:38.087 INFO [main] org.apache.catalina.core.StandardEngine.startInternal Starting Servlet engine: [Apache Tomcat/9.0.71]
04-Feb-2023 21:56:38.102 INFO [main] org.apache.catalina.startup.HostConfig.deployDirectory Установка веб приложения в папку [C:\Java Projects\DataBaseProjects\MySQL3\apache-tomcat-9.0.71\webapps\MYSQL3]
04-Feb-2023 21:56:39.040 INFO [main] org.apache.jasper.servlet.TldScanner.scanJars At least one JAR was scanned for TLDs yet contained no TLDs. Enable debug logging for this logger for a complete list of JARs that were scanned but no TLDs were found in them. Skipping unneeded JARs during scanning can improve startup time and JSP compilation time.
04-Feb-2023 21:56:39.133 INFO [main] org.apache.catalina.startup.HostConfig.deployDirectory Deployment of web application directory [C:\Java Projects\DataBaseProjects\MySQL3\apache-tomcat-9.0.71\webapps\MYSQL3] has finished in [1 016] ms
04-Feb-2023 21:56:39.133 INFO [main] org.apache.catalina.startup.HostConfig.deployDirectory Установка веб приложения в папку [C:\Java Projects\DataBaseProjects\MySQL3\apache-tomcat-9.0.71\webapps\ROOT]
04-Feb-2023 21:56:39.602 INFO [main] org.apache.jasper.servlet.TldScanner.scanJars At least one JAR was scanned for TLDs yet contained no TLDs. Enable debug logging for this logger for a complete list of JARs that were scanned but no TLDs were found in them. Skipping unneeded JARs during scanning can improve startup time and JSP compilation time.
04-Feb-2023 21:56:39.618 INFO [main] org.apache.catalina.startup.HostConfig.deployDirectory Deployment of web application directory [C:\Java Projects\DataBaseProjects\MySQL3\apache-tomcat-9.0.71\webapps\ROOT] has finished in [485] ms
04-Feb-2023 21:56:39.628 INFO [main] org.apache.coyote.AbstractProtocol.start Starting ProtocolHandler ["http-nio-8080"]
04-Feb-2023 21:56:39.675 INFO [main] org.apache.catalina.startup.Catalina.start Server startup in [1638] milliseconds
04-Feb-2023 21:59:57.688 INFO [Thread-2] org.apache.coyote.AbstractProtocol.pause Pausing ProtocolHandler ["http-nio-8080"]
04-Feb-2023 21:59:57.719 INFO [Thread-2] org.apache.catalina.core.StandardService.stopInternal Stopping service [Catalina]
04-Feb-2023 21:59:57.735 INFO [Thread-2] org.apache.coyote.AbstractProtocol.stop Stopping ProtocolHandler ["http-nio-8080"]
04-Feb-2023 21:59:57.750 INFO [Thread-2] org.apache.coyote.AbstractProtocol.destroy Destroying ProtocolHandler ["http-nio-8080"]
04-Feb-2023 22:00:00.072 INFO [main] org.apache.catalina.startup.VersionLoggerListener.log Server version name:   Apache Tomcat/9.0.71
04-Feb-2023 22:00:00.078 INFO [main] org.apache.catalina.startup.VersionLoggerListener.log Server built:          Jan 9 2023 22:33:01 UTC
04-Feb-2023 22:00:00.078 INFO [main] org.apache.catalina.startup.VersionLoggerListener.log Server version number: 9.0.71.0
04-Feb-2023 22:00:00.078 INFO [main] org.apache.catalina.startup.VersionLoggerListener.log OS Name:               Windows 10
04-Feb-2023 22:00:00.078 INFO [main] org.apache.catalina.startup.VersionLoggerListener.log Версия ОС:             10.0
04-Feb-2023 22:00:00.078 INFO [main] org.apache.catalina.startup.VersionLoggerListener.log Архитектура:           amd64
04-Feb-2023 22:00:00.078 INFO [main] org.apache.catalina.startup.VersionLoggerListener.log Java Home:             C:\Program Files\Java\jdk-17.0.3.1
04-Feb-2023 22:00:00.078 INFO [main] org.apache.catalina.startup.VersionLoggerListener.log Версия JVM:            17.0.3.1+2-LTS-6
04-Feb-2023 22:00:00.078 INFO [main] org.apache.catalina.startup.VersionLoggerListener.log JVM Vendor:            Oracle Corporation
04-Feb-2023 22:00:00.078 INFO [main] org.apache.catalina.startup.VersionLoggerListener.log CATALINA_BASE:         C:\Java Projects\DataBaseProjects\MySQL3\apache-tomcat-9.0.71
04-Feb-2023 22:00:00.078 INFO [main] org.apache.catalina.startup.VersionLoggerListener.log CATALINA_HOME:         C:\Java Projects\DataBaseProjects\MySQL3\apache-tomcat-9.0.71
04-Feb-2023 22:00:00.093 INFO [main] org.apache.catalina.startup.VersionLoggerListener.log Command line argument: -Dcatalina.home=C:\Java Projects\DataBaseProjects\MySQL3\apache-tomcat-9.0.71
04-Feb-2023 22:00:00.093 INFO [main] org.apache.catalina.startup.VersionLoggerListener.log Command line argument: -Dcatalina.base=C:\Java Projects\DataBaseProjects\MySQL3\apache-tomcat-9.0.71
04-Feb-2023 22:00:00.093 INFO [main] org.apache.catalina.startup.VersionLoggerListener.log Command line argument: -Dignore.endorsed.dirs=C:\Java Projects\DataBaseProjects\MySQL3\apache-tomcat-9.0.71\endorsed
04-Feb-2023 22:00:00.093 INFO [main] org.apache.catalina.startup.VersionLoggerListener.log Command line argument: -Djava.io.tmpdir=C:\Java Projects\DataBaseProjects\MySQL3\apache-tomcat-9.0.71\temp
04-Feb-2023 22:00:00.093 INFO [main] org.apache.catalina.startup.VersionLoggerListener.log Command line argument: -Djava.util.logging.manager=org.apache.juli.ClassLoaderLogManager
04-Feb-2023 22:00:00.093 INFO [main] org.apache.catalina.startup.VersionLoggerListener.log Command line argument: -Djava.util.logging.config.file=C:\Java Projects\DataBaseProjects\MySQL3\apache-tomcat-9.0.71\conf\logging.properties
04-Feb-2023 22:00:00.093 INFO [main] org.apache.catalina.startup.VersionLoggerListener.log Command line argument: --add-opens=java.base/java.lang=ALL-UNNAMED
04-Feb-2023 22:00:00.093 INFO [main] org.apache.catalina.startup.VersionLoggerListener.log Command line argument: --add-opens=java.base/java.io=ALL-UNNAMED
04-Feb-2023 22:00:00.093 INFO [main] org.apache.catalina.startup.VersionLoggerListener.log Command line argument: --add-opens=java.base/java.util=ALL-UNNAMED
04-Feb-2023 22:00:00.093 INFO [main] org.apache.catalina.startup.VersionLoggerListener.log Command line argument: --add-opens=java.base/java.util.concurrent=ALL-UNNAMED
04-Feb-2023 22:00:00.093 INFO [main] org.apache.catalina.startup.VersionLoggerListener.log Command line argument: --add-opens=java.rmi/sun.rmi.transport=ALL-UNNAMED
04-Feb-2023 22:00:00.093 INFO [main] org.apache.catalina.startup.VersionLoggerListener.log Command line argument: exit
04-Feb-2023 22:00:00.093 INFO [main] org.apache.catalina.startup.VersionLoggerListener.log Command line argument: abort
04-Feb-2023 22:00:00.093 INFO [main] org.apache.catalina.startup.VersionLoggerListener.log Command line argument: -Xms128m
04-Feb-2023 22:00:00.093 INFO [main] org.apache.catalina.startup.VersionLoggerListener.log Command line argument: -Xmx256m
04-Feb-2023 22:00:00.093 INFO [main] org.apache.catalina.core.AprLifecycleListener.lifecycleEvent Loaded Apache Tomcat Native library [1.2.35] using APR version [1.7.0].
04-Feb-2023 22:00:00.093 INFO [main] org.apache.catalina.core.AprLifecycleListener.lifecycleEvent APR capabilities: IPv6 [true], sendfile [true], accept filters [false], random [true], UDS [true].
04-Feb-2023 22:00:00.093 INFO [main] org.apache.catalina.core.AprLifecycleListener.lifecycleEvent APR/OpenSSL configuration: useAprConnector [false], useOpenSSL [true]
04-Feb-2023 22:00:00.093 INFO [main] org.apache.catalina.core.AprLifecycleListener.initializeSSL OpenSSL successfully initialized [OpenSSL 1.1.1q  5 Jul 2022]
04-Feb-2023 22:00:00.468 INFO [main] org.apache.coyote.AbstractProtocol.init Initializing ProtocolHandler ["http-nio-8080"]
04-Feb-2023 22:00:00.515 INFO [main] org.apache.catalina.startup.Catalina.load Server initialization in [710] milliseconds
04-Feb-2023 22:00:00.578 INFO [main] org.apache.catalina.core.StandardService.startInternal Starting service [Catalina]
04-Feb-2023 22:00:00.578 INFO [main] org.apache.catalina.core.StandardEngine.startInternal Starting Servlet engine: [Apache Tomcat/9.0.71]
04-Feb-2023 22:00:00.593 INFO [main] org.apache.catalina.startup.HostConfig.deployDirectory Установка веб приложения в папку [C:\Java Projects\DataBaseProjects\MySQL3\apache-tomcat-9.0.71\webapps\MYSQL3]
04-Feb-2023 22:00:01.593 INFO [main] org.apache.jasper.servlet.TldScanner.scanJars At least one JAR was scanned for TLDs yet contained no TLDs. Enable debug logging for this logger for a complete list of JARs that were scanned but no TLDs were found in them. Skipping unneeded JARs during scanning can improve startup time and JSP compilation time.
04-Feb-2023 22:00:01.687 INFO [main] org.apache.catalina.startup.HostConfig.deployDirectory Deployment of web application directory [C:\Java Projects\DataBaseProjects\MySQL3\apache-tomcat-9.0.71\webapps\MYSQL3] has finished in [1 094] ms
04-Feb-2023 22:00:01.687 INFO [main] org.apache.catalina.startup.HostConfig.deployDirectory Установка веб приложения в папку [C:\Java Projects\DataBaseProjects\MySQL3\apache-tomcat-9.0.71\webapps\ROOT]
04-Feb-2023 22:00:02.185 INFO [main] org.apache.jasper.servlet.TldScanner.scanJars At least one JAR was scanned for TLDs yet contained no TLDs. Enable debug logging for this logger for a complete list of JARs that were scanned but no TLDs were found in them. Skipping unneeded JARs during scanning can improve startup time and JSP compilation time.
04-Feb-2023 22:00:02.195 INFO [main] org.apache.catalina.startup.HostConfig.deployDirectory Deployment of web application directory [C:\Java Projects\DataBaseProjects\MySQL3\apache-tomcat-9.0.71\webapps\ROOT] has finished in [508] ms
04-Feb-2023 22:00:02.199 INFO [main] org.apache.coyote.AbstractProtocol.start Starting ProtocolHandler ["http-nio-8080"]
04-Feb-2023 22:00:02.255 INFO [main] org.apache.catalina.startup.Catalina.start Server startup in [1736] milliseconds
04-Feb-2023 22:21:10.973 INFO [Thread-2] org.apache.coyote.AbstractProtocol.pause Pausing ProtocolHandler ["http-nio-8080"]
04-Feb-2023 22:21:10.989 INFO [Thread-2] org.apache.catalina.core.StandardService.stopInternal Stopping service [Catalina]
04-Feb-2023 22:21:11.009 INFO [Thread-2] org.apache.coyote.AbstractProtocol.stop Stopping ProtocolHandler ["http-nio-8080"]
04-Feb-2023 22:21:11.024 INFO [Thread-2] org.apache.coyote.AbstractProtocol.destroy Destroying ProtocolHandler ["http-nio-8080"]
04-Feb-2023 22:21:13.353 INFO [main] org.apache.catalina.startup.VersionLoggerListener.log Server version name:   Apache Tomcat/9.0.71
04-Feb-2023 22:21:13.363 INFO [main] org.apache.catalina.startup.VersionLoggerListener.log Server built:          Jan 9 2023 22:33:01 UTC
04-Feb-2023 22:21:13.363 INFO [main] org.apache.catalina.startup.VersionLoggerListener.log Server version number: 9.0.71.0
04-Feb-2023 22:21:13.363 INFO [main] org.apache.catalina.startup.VersionLoggerListener.log OS Name:               Windows 10
04-Feb-2023 22:21:13.363 INFO [main] org.apache.catalina.startup.VersionLoggerListener.log Версия ОС:             10.0
04-Feb-2023 22:21:13.363 INFO [main] org.apache.catalina.startup.VersionLoggerListener.log Архитектура:           amd64
04-Feb-2023 22:21:13.363 INFO [main] org.apache.catalina.startup.VersionLoggerListener.log Java Home:             C:\Program Files\Java\jdk-17.0.3.1
04-Feb-2023 22:21:13.363 INFO [main] org.apache.catalina.startup.VersionLoggerListener.log Версия JVM:            17.0.3.1+2-LTS-6
04-Feb-2023 22:21:13.363 INFO [main] org.apache.catalina.startup.VersionLoggerListener.log JVM Vendor:            Oracle Corporation
04-Feb-2023 22:21:13.363 INFO [main] org.apache.catalina.startup.VersionLoggerListener.log CATALINA_BASE:         C:\Java Projects\DataBaseProjects\MySQL3\apache-tomcat-9.0.71
04-Feb-2023 22:21:13.363 INFO [main] org.apache.catalina.startup.VersionLoggerListener.log CATALINA_HOME:         C:\Java Projects\DataBaseProjects\MySQL3\apache-tomcat-9.0.71
04-Feb-2023 22:21:13.363 INFO [main] org.apache.catalina.startup.VersionLoggerListener.log Command line argument: -Dcatalina.home=C:\Java Projects\DataBaseProjects\MySQL3\apache-tomcat-9.0.71
04-Feb-2023 22:21:13.363 INFO [main] org.apache.catalina.startup.VersionLoggerListener.log Command line argument: -Dcatalina.base=C:\Java Projects\DataBaseProjects\MySQL3\apache-tomcat-9.0.71
04-Feb-2023 22:21:13.379 INFO [main] org.apache.catalina.startup.VersionLoggerListener.log Command line argument: -Dignore.endorsed.dirs=C:\Java Projects\DataBaseProjects\MySQL3\apache-tomcat-9.0.71\endorsed
04-Feb-2023 22:21:13.379 INFO [main] org.apache.catalina.startup.VersionLoggerListener.log Command line argument: -Djava.io.tmpdir=C:\Java Projects\DataBaseProjects\MySQL3\apache-tomcat-9.0.71\temp
04-Feb-2023 22:21:13.379 INFO [main] org.apache.catalina.startup.VersionLoggerListener.log Command line argument: -Djava.util.logging.manager=org.apache.juli.ClassLoaderLogManager
04-Feb-2023 22:21:13.379 INFO [main] org.apache.catalina.startup.VersionLoggerListener.log Command line argument: -Djava.util.logging.config.file=C:\Java Projects\DataBaseProjects\MySQL3\apache-tomcat-9.0.71\conf\logging.properties
04-Feb-2023 22:21:13.379 INFO [main] org.apache.catalina.startup.VersionLoggerListener.log Command line argument: --add-opens=java.base/java.lang=ALL-UNNAMED
04-Feb-2023 22:21:13.379 INFO [main] org.apache.catalina.startup.VersionLoggerListener.log Command line argument: --add-opens=java.base/java.io=ALL-UNNAMED
04-Feb-2023 22:21:13.379 INFO [main] org.apache.catalina.startup.VersionLoggerListener.log Command line argument: --add-opens=java.base/java.util=ALL-UNNAMED
04-Feb-2023 22:21:13.379 INFO [main] org.apache.catalina.startup.VersionLoggerListener.log Command line argument: --add-opens=java.base/java.util.concurrent=ALL-UNNAMED
04-Feb-2023 22:21:13.379 INFO [main] org.apache.catalina.startup.VersionLoggerListener.log Command line argument: --add-opens=java.rmi/sun.rmi.transport=ALL-UNNAMED
04-Feb-2023 22:21:13.379 INFO [main] org.apache.catalina.startup.VersionLoggerListener.log Command line argument: exit
04-Feb-2023 22:21:13.379 INFO [main] org.apache.catalina.startup.VersionLoggerListener.log Command line argument: abort
04-Feb-2023 22:21:13.379 INFO [main] org.apache.catalina.startup.VersionLoggerListener.log Command line argument: -Xms128m
04-Feb-2023 22:21:13.379 INFO [main] org.apache.catalina.startup.VersionLoggerListener.log Command line argument: -Xmx256m
04-Feb-2023 22:21:13.379 INFO [main] org.apache.catalina.core.AprLifecycleListener.lifecycleEvent Loaded Apache Tomcat Native library [1.2.35] using APR version [1.7.0].
04-Feb-2023 22:21:13.379 INFO [main] org.apache.catalina.core.AprLifecycleListener.lifecycleEvent APR capabilities: IPv6 [true], sendfile [true], accept filters [false], random [true], UDS [true].
04-Feb-2023 22:21:13.379 INFO [main] org.apache.catalina.core.AprLifecycleListener.lifecycleEvent APR/OpenSSL configuration: useAprConnector [false], useOpenSSL [true]
04-Feb-2023 22:21:13.379 INFO [main] org.apache.catalina.core.AprLifecycleListener.initializeSSL OpenSSL successfully initialized [OpenSSL 1.1.1q  5 Jul 2022]
04-Feb-2023 22:21:13.738 INFO [main] org.apache.coyote.AbstractProtocol.init Initializing ProtocolHandler ["http-nio-8080"]
04-Feb-2023 22:21:13.769 INFO [main] org.apache.catalina.startup.Catalina.load Server initialization in [667] milliseconds
04-Feb-2023 22:21:13.832 INFO [main] org.apache.catalina.core.StandardService.startInternal Starting service [Catalina]
04-Feb-2023 22:21:13.832 INFO [main] org.apache.catalina.core.StandardEngine.startInternal Starting Servlet engine: [Apache Tomcat/9.0.71]
04-Feb-2023 22:21:13.847 INFO [main] org.apache.catalina.startup.HostConfig.deployDirectory Установка веб приложения в папку [C:\Java Projects\DataBaseProjects\MySQL3\apache-tomcat-9.0.71\webapps\MYSQL3]
04-Feb-2023 22:21:14.816 INFO [main] org.apache.jasper.servlet.TldScanner.scanJars At least one JAR was scanned for TLDs yet contained no TLDs. Enable debug logging for this logger for a complete list of JARs that were scanned but no TLDs were found in them. Skipping unneeded JARs during scanning can improve startup time and JSP compilation time.
04-Feb-2023 22:21:14.910 INFO [main] org.apache.catalina.startup.HostConfig.deployDirectory Deployment of web application directory [C:\Java Projects\DataBaseProjects\MySQL3\apache-tomcat-9.0.71\webapps\MYSQL3] has finished in [1 063] ms
04-Feb-2023 22:21:14.910 INFO [main] org.apache.catalina.startup.HostConfig.deployDirectory Установка веб приложения в папку [C:\Java Projects\DataBaseProjects\MySQL3\apache-tomcat-9.0.71\webapps\ROOT]
04-Feb-2023 22:21:15.394 INFO [main] org.apache.jasper.servlet.TldScanner.scanJars At least one JAR was scanned for TLDs yet contained no TLDs. Enable debug logging for this logger for a complete list of JARs that were scanned but no TLDs were found in them. Skipping unneeded JARs during scanning can improve startup time and JSP compilation time.
04-Feb-2023 22:21:15.410 INFO [main] org.apache.catalina.startup.HostConfig.deployDirectory Deployment of web application directory [C:\Java Projects\DataBaseProjects\MySQL3\apache-tomcat-9.0.71\webapps\ROOT] has finished in [500] ms
04-Feb-2023 22:21:15.410 INFO [main] org.apache.coyote.AbstractProtocol.start Starting ProtocolHandler ["http-nio-8080"]
04-Feb-2023 22:21:15.457 INFO [main] org.apache.catalina.startup.Catalina.start Server startup in [1683] milliseconds
04-Feb-2023 22:21:47.785 INFO [Thread-2] org.apache.coyote.AbstractProtocol.pause Pausing ProtocolHandler ["http-nio-8080"]
04-Feb-2023 22:21:47.800 INFO [Thread-2] org.apache.catalina.core.StandardService.stopInternal Stopping service [Catalina]
04-Feb-2023 22:21:47.813 INFO [Thread-2] org.apache.coyote.AbstractProtocol.stop Stopping ProtocolHandler ["http-nio-8080"]
04-Feb-2023 22:21:47.829 INFO [Thread-2] org.apache.coyote.AbstractProtocol.destroy Destroying ProtocolHandler ["http-nio-8080"]
04-Feb-2023 22:34:25.043 INFO [main] org.apache.catalina.startup.VersionLoggerListener.log Server version name:   Apache Tomcat/9.0.71
04-Feb-2023 22:34:25.051 INFO [main] org.apache.catalina.startup.VersionLoggerListener.log Server built:          Jan 9 2023 22:33:01 UTC
04-Feb-2023 22:34:25.051 INFO [main] org.apache.catalina.startup.VersionLoggerListener.log Server version number: 9.0.71.0
04-Feb-2023 22:34:25.051 INFO [main] org.apache.catalina.startup.VersionLoggerListener.log OS Name:               Windows 10
04-Feb-2023 22:34:25.051 INFO [main] org.apache.catalina.startup.VersionLoggerListener.log Версия ОС:             10.0
04-Feb-2023 22:34:25.051 INFO [main] org.apache.catalina.startup.VersionLoggerListener.log Архитектура:           amd64
04-Feb-2023 22:34:25.051 INFO [main] org.apache.catalina.startup.VersionLoggerListener.log Java Home:             C:\Program Files\Java\jdk-17.0.3.1
04-Feb-2023 22:34:25.051 INFO [main] org.apache.catalina.startup.VersionLoggerListener.log Версия JVM:            17.0.3.1+2-LTS-6
04-Feb-2023 22:34:25.051 INFO [main] org.apache.catalina.startup.VersionLoggerListener.log JVM Vendor:            Oracle Corporation
04-Feb-2023 22:34:25.051 INFO [main] org.apache.catalina.startup.VersionLoggerListener.log CATALINA_BASE:         C:\Java Projects\DataBaseProjects\MySQL3\apache-tomcat-9.0.71
04-Feb-2023 22:34:25.051 INFO [main] org.apache.catalina.startup.VersionLoggerListener.log CATALINA_HOME:         C:\Java Projects\DataBaseProjects\MySQL3\apache-tomcat-9.0.71
04-Feb-2023 22:34:25.065 INFO [main] org.apache.catalina.startup.VersionLoggerListener.log Command line argument: -Dcatalina.home=C:\Java Projects\DataBaseProjects\MySQL3\apache-tomcat-9.0.71
04-Feb-2023 22:34:25.065 INFO [main] org.apache.catalina.startup.VersionLoggerListener.log Command line argument: -Dcatalina.base=C:\Java Projects\DataBaseProjects\MySQL3\apache-tomcat-9.0.71
04-Feb-2023 22:34:25.065 INFO [main] org.apache.catalina.startup.VersionLoggerListener.log Command line argument: -Dignore.endorsed.dirs=C:\Java Projects\DataBaseProjects\MySQL3\apache-tomcat-9.0.71\endorsed
04-Feb-2023 22:34:25.065 INFO [main] org.apache.catalina.startup.VersionLoggerListener.log Command line argument: -Djava.io.tmpdir=C:\Java Projects\DataBaseProjects\MySQL3\apache-tomcat-9.0.71\temp
04-Feb-2023 22:34:25.065 INFO [main] org.apache.catalina.startup.VersionLoggerListener.log Command line argument: -Djava.util.logging.manager=org.apache.juli.ClassLoaderLogManager
04-Feb-2023 22:34:25.065 INFO [main] org.apache.catalina.startup.VersionLoggerListener.log Command line argument: -Djava.util.logging.config.file=C:\Java Projects\DataBaseProjects\MySQL3\apache-tomcat-9.0.71\conf\logging.properties
04-Feb-2023 22:34:25.065 INFO [main] org.apache.catalina.startup.VersionLoggerListener.log Command line argument: --add-opens=java.base/java.lang=ALL-UNNAMED
04-Feb-2023 22:34:25.065 INFO [main] org.apache.catalina.startup.VersionLoggerListener.log Command line argument: --add-opens=java.base/java.io=ALL-UNNAMED
04-Feb-2023 22:34:25.065 INFO [main] org.apache.catalina.startup.VersionLoggerListener.log Command line argument: --add-opens=java.base/java.util=ALL-UNNAMED
04-Feb-2023 22:34:25.065 INFO [main] org.apache.catalina.startup.VersionLoggerListener.log Command line argument: --add-opens=java.base/java.util.concurrent=ALL-UNNAMED
04-Feb-2023 22:34:25.065 INFO [main] org.apache.catalina.startup.VersionLoggerListener.log Command line argument: --add-opens=java.rmi/sun.rmi.transport=ALL-UNNAMED
04-Feb-2023 22:34:25.065 INFO [main] org.apache.catalina.startup.VersionLoggerListener.log Command line argument: exit
04-Feb-2023 22:34:25.065 INFO [main] org.apache.catalina.startup.VersionLoggerListener.log Command line argument: abort
04-Feb-2023 22:34:25.065 INFO [main] org.apache.catalina.startup.VersionLoggerListener.log Command line argument: -Xms128m
04-Feb-2023 22:34:25.065 INFO [main] org.apache.catalina.startup.VersionLoggerListener.log Command line argument: -Xmx256m
04-Feb-2023 22:34:25.065 INFO [main] org.apache.catalina.core.AprLifecycleListener.lifecycleEvent Loaded Apache Tomcat Native library [1.2.35] using APR version [1.7.0].
04-Feb-2023 22:34:25.065 INFO [main] org.apache.catalina.core.AprLifecycleListener.lifecycleEvent APR capabilities: IPv6 [true], sendfile [true], accept filters [false], random [true], UDS [true].
04-Feb-2023 22:34:25.065 INFO [main] org.apache.catalina.core.AprLifecycleListener.lifecycleEvent APR/OpenSSL configuration: useAprConnector [false], useOpenSSL [true]
04-Feb-2023 22:34:25.065 INFO [main] org.apache.catalina.core.AprLifecycleListener.initializeSSL OpenSSL successfully initialized [OpenSSL 1.1.1q  5 Jul 2022]
04-Feb-2023 22:34:25.440 INFO [main] org.apache.coyote.AbstractProtocol.init Initializing ProtocolHandler ["http-nio-8080"]
04-Feb-2023 22:34:25.472 INFO [main] org.apache.catalina.startup.Catalina.load Server initialization in [674] milliseconds
04-Feb-2023 22:34:25.518 INFO [main] org.apache.catalina.core.StandardService.startInternal Starting service [Catalina]
04-Feb-2023 22:34:25.518 INFO [main] org.apache.catalina.core.StandardEngine.startInternal Starting Servlet engine: [Apache Tomcat/9.0.71]
04-Feb-2023 22:34:25.534 INFO [main] org.apache.catalina.startup.HostConfig.deployDirectory Установка веб приложения в папку [C:\Java Projects\DataBaseProjects\MySQL3\apache-tomcat-9.0.71\webapps\MYSQL3]
04-Feb-2023 22:34:26.534 INFO [main] org.apache.jasper.servlet.TldScanner.scanJars At least one JAR was scanned for TLDs yet contained no TLDs. Enable debug logging for this logger for a complete list of JARs that were scanned but no TLDs were found in them. Skipping unneeded JARs during scanning can improve startup time and JSP compilation time.
04-Feb-2023 22:34:26.612 INFO [main] org.apache.catalina.startup.HostConfig.deployDirectory Deployment of web application directory [C:\Java Projects\DataBaseProjects\MySQL3\apache-tomcat-9.0.71\webapps\MYSQL3] has finished in [1 078] ms
04-Feb-2023 22:34:26.612 INFO [main] org.apache.catalina.startup.HostConfig.deployDirectory Установка веб приложения в папку [C:\Java Projects\DataBaseProjects\MySQL3\apache-tomcat-9.0.71\webapps\ROOT]
04-Feb-2023 22:34:27.081 INFO [main] org.apache.jasper.servlet.TldScanner.scanJars At least one JAR was scanned for TLDs yet contained no TLDs. Enable debug logging for this logger for a complete list of JARs that were scanned but no TLDs were found in them. Skipping unneeded JARs during scanning can improve startup time and JSP compilation time.
04-Feb-2023 22:34:27.096 INFO [main] org.apache.catalina.startup.HostConfig.deployDirectory Deployment of web application directory [C:\Java Projects\DataBaseProjects\MySQL3\apache-tomcat-9.0.71\webapps\ROOT] has finished in [484] ms
04-Feb-2023 22:34:27.108 INFO [main] org.apache.coyote.AbstractProtocol.start Starting ProtocolHandler ["http-nio-8080"]
04-Feb-2023 22:34:27.155 INFO [main] org.apache.catalina.startup.Catalina.start Server startup in [1686] milliseconds
04-Feb-2023 22:38:26.542 INFO [Thread-2] org.apache.coyote.AbstractProtocol.pause Pausing ProtocolHandler ["http-nio-8080"]
04-Feb-2023 22:38:26.558 INFO [Thread-2] org.apache.catalina.core.StandardService.stopInternal Stopping service [Catalina]
04-Feb-2023 22:38:26.583 INFO [Thread-2] org.apache.coyote.AbstractProtocol.stop Stopping ProtocolHandler ["http-nio-8080"]
04-Feb-2023 22:38:26.599 INFO [Thread-2] org.apache.coyote.AbstractProtocol.destroy Destroying ProtocolHandler ["http-nio-8080"]
