[2023-02-05 01:05:14] [info]  [ 3560] Apache Commons Daemon procrun (1.3.3.0 64-bit) started.
[2023-02-05 01:05:14] [info]  [ 3560] Running Service 'Tomcat9'...
[2023-02-05 01:05:14] [info]  [10656] Starting service...
[2023-02-05 01:05:15] [info]  [10656] Service started in 1227 milliseconds.
[2023-02-05 01:09:13] [info]  [ 3560] Service SERVICE_CONTROL_STOP signalled.
[2023-02-05 01:09:13] [info]  [ 9892] Stopping service...
[2023-02-05 01:09:14] [info]  [ 9892] Service stop thread completed.
[2023-02-05 01:09:15] [info]  [ 3560] Run service finished.
[2023-02-05 01:09:15] [info]  [ 3560] Apache Commons Daemon procrun finished.
[2023-02-05 01:09:15] [info]  [ 9004] Apache Commons Daemon procrun (1.3.3.0 64-bit) started.
[2023-02-05 01:09:15] [info]  [ 9004] Running Service 'Tomcat9'...
[2023-02-05 01:09:15] [info]  [ 8976] Starting service...
[2023-02-05 01:09:16] [info]  [ 8976] Service started in 1202 milliseconds.
[2023-02-05 01:10:58] [info]  [ 9004] Service SERVICE_CONTROL_STOP signalled.
[2023-02-05 01:10:58] [info]  [ 1468] Stopping service...
[2023-02-05 01:10:59] [info]  [ 1468] Service stop thread completed.
[2023-02-05 01:11:00] [info]  [ 9004] Run service finished.
[2023-02-05 01:11:00] [info]  [ 9004] Apache Commons Daemon procrun finished.
[2023-02-05 15:57:36] [info]  [10488] Apache Commons Daemon procrun (1.3.3.0 64-bit) started.
[2023-02-05 15:57:36] [info]  [10488] Running Service 'Tomcat9'...
[2023-02-05 15:57:36] [info]  [ 8580] Starting service...
[2023-02-05 15:57:38] [info]  [ 8580] Service started in 1906 milliseconds.
[2023-02-05 15:59:30] [info]  [10488] Service SERVICE_CONTROL_STOP signalled.
[2023-02-05 15:59:30] [info]  [10592] Stopping service...
[2023-02-05 15:59:31] [info]  [10592] Service stop thread completed.
[2023-02-05 15:59:31] [info]  [10488] Run service finished.
[2023-02-05 15:59:31] [info]  [10488] Apache Commons Daemon procrun finished.
[2023-02-05 17:04:26] [info]  [ 8752] Apache Commons Daemon procrun (1.3.3.0 64-bit) started.
[2023-02-05 17:04:26] [info]  [ 8752] Running Service 'Tomcat9'...
[2023-02-05 17:04:26] [info]  [ 8260] Starting service...
[2023-02-05 17:04:27] [info]  [ 8260] Service started in 1209 milliseconds.
[2023-02-05 17:10:10] [info]  [ 8752] Service SERVICE_CONTROL_STOP signalled.
[2023-02-05 17:10:10] [info]  [ 4508] Stopping service...
[2023-02-05 17:10:11] [info]  [ 4508] Service stop thread completed.
[2023-02-05 17:10:11] [info]  [ 8752] Run service finished.
[2023-02-05 17:10:11] [info]  [ 8752] Apache Commons Daemon procrun finished.
