[2023-02-04 17:12:13] [info]  [ 2972] Apache Commons Daemon procrun (1.3.3.0 64-bit) started.
[2023-02-04 17:12:13] [info]  [ 2972] Running Service 'Tomcat9'...
[2023-02-04 17:12:13] [info]  [10868] Starting service...
[2023-02-04 17:12:15] [info]  [10868] Service started in 1213 milliseconds.
[2023-02-04 17:14:01] [info]  [ 2972] Service SERVICE_CONTROL_STOP signalled.
[2023-02-04 17:14:01] [info]  [ 3664] Stopping service...
[2023-02-04 17:14:02] [info]  [ 3664] Service stop thread completed.
[2023-02-04 17:14:03] [info]  [ 2972] Run service finished.
[2023-02-04 17:14:03] [info]  [ 2972] Apache Commons Daemon procrun finished.
[2023-02-04 17:14:03] [info]  [ 9872] Apache Commons Daemon procrun (1.3.3.0 64-bit) started.
[2023-02-04 17:14:03] [info]  [ 9872] Running Service 'Tomcat9'...
[2023-02-04 17:14:03] [info]  [ 8948] Starting service...
[2023-02-04 17:14:04] [info]  [ 8948] Service started in 1224 milliseconds.
[2023-02-04 17:16:33] [info]  [ 9872] Service SERVICE_CONTROL_STOP signalled.
[2023-02-04 17:16:33] [info]  [ 8196] Stopping service...
[2023-02-04 17:16:34] [info]  [ 8196] Service stop thread completed.
[2023-02-04 17:16:35] [info]  [ 9872] Run service finished.
[2023-02-04 17:16:35] [info]  [ 9872] Apache Commons Daemon procrun finished.
[2023-02-04 21:33:05] [info]  [ 5652] Apache Commons Daemon procrun (1.3.3.0 64-bit) started.
[2023-02-04 21:33:05] [info]  [ 5652] Running Service 'Tomcat9'...
[2023-02-04 21:33:05] [info]  [ 3044] Starting service...
[2023-02-04 21:33:06] [info]  [ 3044] Service started in 1243 milliseconds.
[2023-02-04 21:45:44] [info]  [ 5652] Service SERVICE_CONTROL_STOP signalled.
[2023-02-04 21:45:44] [info]  [12216] Stopping service...
[2023-02-04 21:45:45] [info]  [12216] Service stop thread completed.
[2023-02-04 21:45:45] [info]  [ 5652] Run service finished.
[2023-02-04 21:45:45] [info]  [ 5652] Apache Commons Daemon procrun finished.
[2023-02-04 21:45:46] [info]  [11508] Apache Commons Daemon procrun (1.3.3.0 64-bit) started.
[2023-02-04 21:45:46] [info]  [11508] Running Service 'Tomcat9'...
[2023-02-04 21:45:46] [info]  [10244] Starting service...
[2023-02-04 21:45:47] [info]  [10244] Service started in 1207 milliseconds.
[2023-02-04 21:51:47] [info]  [11508] Service SERVICE_CONTROL_STOP signalled.
[2023-02-04 21:51:47] [info]  [10724] Stopping service...
[2023-02-04 21:51:48] [info]  [10724] Service stop thread completed.
[2023-02-04 21:51:48] [info]  [11508] Run service finished.
[2023-02-04 21:51:49] [info]  [11508] Apache Commons Daemon procrun finished.
[2023-02-04 21:51:49] [info]  [ 7216] Apache Commons Daemon procrun (1.3.3.0 64-bit) started.
[2023-02-04 21:51:49] [info]  [ 7216] Running Service 'Tomcat9'...
[2023-02-04 21:51:49] [info]  [ 6808] Starting service...
[2023-02-04 21:51:50] [info]  [ 6808] Service started in 1198 milliseconds.
[2023-02-04 21:53:01] [info]  [ 7216] Service SERVICE_CONTROL_STOP signalled.
[2023-02-04 21:53:01] [info]  [ 5664] Stopping service...
[2023-02-04 21:53:03] [info]  [ 5664] Service stop thread completed.
[2023-02-04 21:53:03] [info]  [ 7216] Run service finished.
[2023-02-04 21:53:03] [info]  [ 7216] Apache Commons Daemon procrun finished.
[2023-02-04 21:53:03] [info]  [12272] Apache Commons Daemon procrun (1.3.3.0 64-bit) started.
[2023-02-04 21:53:03] [info]  [12272] Running Service 'Tomcat9'...
[2023-02-04 21:53:03] [info]  [11724] Starting service...
[2023-02-04 21:53:04] [info]  [11724] Service started in 1210 milliseconds.
[2023-02-04 21:56:35] [info]  [12272] Service SERVICE_CONTROL_STOP signalled.
[2023-02-04 21:56:35] [info]  [ 8004] Stopping service...
[2023-02-04 21:56:36] [info]  [ 8004] Service stop thread completed.
[2023-02-04 21:56:36] [info]  [12272] Run service finished.
[2023-02-04 21:56:36] [info]  [12272] Apache Commons Daemon procrun finished.
[2023-02-04 21:56:36] [info]  [ 2068] Apache Commons Daemon procrun (1.3.3.0 64-bit) started.
[2023-02-04 21:56:36] [info]  [ 2068] Running Service 'Tomcat9'...
[2023-02-04 21:56:37] [info]  [ 6320] Starting service...
[2023-02-04 21:56:38] [info]  [ 6320] Service started in 1190 milliseconds.
[2023-02-04 21:59:57] [info]  [ 2068] Service SERVICE_CONTROL_STOP signalled.
[2023-02-04 21:59:57] [info]  [  732] Stopping service...
[2023-02-04 21:59:58] [info]  [  732] Service stop thread completed.
[2023-02-04 21:59:58] [info]  [ 2068] Run service finished.
[2023-02-04 21:59:58] [info]  [ 2068] Apache Commons Daemon procrun finished.
[2023-02-04 21:59:59] [info]  [10204] Apache Commons Daemon procrun (1.3.3.0 64-bit) started.
[2023-02-04 21:59:59] [info]  [10204] Running Service 'Tomcat9'...
[2023-02-04 21:59:59] [info]  [11140] Starting service...
[2023-02-04 22:00:00] [info]  [11140] Service started in 1192 milliseconds.
[2023-02-04 22:21:10] [info]  [10204] Service SERVICE_CONTROL_STOP signalled.
[2023-02-04 22:21:10] [info]  [ 8948] Stopping service...
[2023-02-04 22:21:11] [info]  [ 8948] Service stop thread completed.
[2023-02-04 22:21:12] [info]  [10204] Run service finished.
[2023-02-04 22:21:12] [info]  [10204] Apache Commons Daemon procrun finished.
[2023-02-04 22:21:12] [info]  [  216] Apache Commons Daemon procrun (1.3.3.0 64-bit) started.
[2023-02-04 22:21:12] [info]  [  216] Running Service 'Tomcat9'...
[2023-02-04 22:21:12] [info]  [10804] Starting service...
[2023-02-04 22:21:14] [info]  [10804] Service started in 1213 milliseconds.
[2023-02-04 22:21:47] [info]  [  216] Service SERVICE_CONTROL_STOP signalled.
[2023-02-04 22:21:47] [info]  [ 6848] Stopping service...
[2023-02-04 22:21:48] [info]  [ 6848] Service stop thread completed.
[2023-02-04 22:21:48] [info]  [  216] Run service finished.
[2023-02-04 22:21:48] [info]  [  216] Apache Commons Daemon procrun finished.
[2023-02-04 22:34:24] [info]  [ 6256] Apache Commons Daemon procrun (1.3.3.0 64-bit) started.
[2023-02-04 22:34:24] [info]  [ 6256] Running Service 'Tomcat9'...
[2023-02-04 22:34:24] [info]  [11732] Starting service...
[2023-02-04 22:34:25] [info]  [11732] Service started in 1210 milliseconds.
[2023-02-04 22:38:26] [info]  [ 6256] Service SERVICE_CONTROL_STOP signalled.
[2023-02-04 22:38:26] [info]  [ 5756] Stopping service...
[2023-02-04 22:38:27] [info]  [ 5756] Service stop thread completed.
[2023-02-04 22:38:27] [info]  [ 6256] Run service finished.
[2023-02-04 22:38:27] [info]  [ 6256] Apache Commons Daemon procrun finished.
