
2023-02-05 01:05:14 Apache Commons Daemon procrun stderr initialized.
05-Feb-2023 01:05:15.327 INFO [main] org.apache.catalina.startup.VersionLoggerListener.log Server version name:   Apache Tomcat/9.0.71
05-Feb-2023 01:05:15.337 INFO [main] org.apache.catalina.startup.VersionLoggerListener.log Server built:          Jan 9 2023 22:33:01 UTC
05-Feb-2023 01:05:15.337 INFO [main] org.apache.catalina.startup.VersionLoggerListener.log Server version number: 9.0.71.0
05-Feb-2023 01:05:15.337 INFO [main] org.apache.catalina.startup.VersionLoggerListener.log OS Name:               Windows 10
05-Feb-2023 01:05:15.337 INFO [main] org.apache.catalina.startup.VersionLoggerListener.log Версия ОС:             10.0
05-Feb-2023 01:05:15.337 INFO [main] org.apache.catalina.startup.VersionLoggerListener.log Архитектура:           amd64
05-Feb-2023 01:05:15.337 INFO [main] org.apache.catalina.startup.VersionLoggerListener.log Java Home:             C:\Program Files\Java\jdk-17.0.3.1
05-Feb-2023 01:05:15.337 INFO [main] org.apache.catalina.startup.VersionLoggerListener.log Версия JVM:            17.0.3.1+2-LTS-6
05-Feb-2023 01:05:15.337 INFO [main] org.apache.catalina.startup.VersionLoggerListener.log JVM Vendor:            Oracle Corporation
05-Feb-2023 01:05:15.337 INFO [main] org.apache.catalina.startup.VersionLoggerListener.log CATALINA_BASE:         C:\Java Projects\DataBaseProjects\MySQL3\apache-tomcat-9.0.71
05-Feb-2023 01:05:15.337 INFO [main] org.apache.catalina.startup.VersionLoggerListener.log CATALINA_HOME:         C:\Java Projects\DataBaseProjects\MySQL3\apache-tomcat-9.0.71
05-Feb-2023 01:05:15.351 INFO [main] org.apache.catalina.startup.VersionLoggerListener.log Command line argument: -Dcatalina.home=C:\Java Projects\DataBaseProjects\MySQL3\apache-tomcat-9.0.71
05-Feb-2023 01:05:15.351 INFO [main] org.apache.catalina.startup.VersionLoggerListener.log Command line argument: -Dcatalina.base=C:\Java Projects\DataBaseProjects\MySQL3\apache-tomcat-9.0.71
05-Feb-2023 01:05:15.351 INFO [main] org.apache.catalina.startup.VersionLoggerListener.log Command line argument: -Dignore.endorsed.dirs=C:\Java Projects\DataBaseProjects\MySQL3\apache-tomcat-9.0.71\endorsed
05-Feb-2023 01:05:15.351 INFO [main] org.apache.catalina.startup.VersionLoggerListener.log Command line argument: -Djava.io.tmpdir=C:\Java Projects\DataBaseProjects\MySQL3\apache-tomcat-9.0.71\temp
05-Feb-2023 01:05:15.351 INFO [main] org.apache.catalina.startup.VersionLoggerListener.log Command line argument: -Djava.util.logging.manager=org.apache.juli.ClassLoaderLogManager
05-Feb-2023 01:05:15.351 INFO [main] org.apache.catalina.startup.VersionLoggerListener.log Command line argument: -Djava.util.logging.config.file=C:\Java Projects\DataBaseProjects\MySQL3\apache-tomcat-9.0.71\conf\logging.properties
05-Feb-2023 01:05:15.351 INFO [main] org.apache.catalina.startup.VersionLoggerListener.log Command line argument: --add-opens=java.base/java.lang=ALL-UNNAMED
05-Feb-2023 01:05:15.351 INFO [main] org.apache.catalina.startup.VersionLoggerListener.log Command line argument: --add-opens=java.base/java.io=ALL-UNNAMED
05-Feb-2023 01:05:15.351 INFO [main] org.apache.catalina.startup.VersionLoggerListener.log Command line argument: --add-opens=java.base/java.util=ALL-UNNAMED
05-Feb-2023 01:05:15.351 INFO [main] org.apache.catalina.startup.VersionLoggerListener.log Command line argument: --add-opens=java.base/java.util.concurrent=ALL-UNNAMED
05-Feb-2023 01:05:15.351 INFO [main] org.apache.catalina.startup.VersionLoggerListener.log Command line argument: --add-opens=java.rmi/sun.rmi.transport=ALL-UNNAMED
05-Feb-2023 01:05:15.351 INFO [main] org.apache.catalina.startup.VersionLoggerListener.log Command line argument: exit
05-Feb-2023 01:05:15.351 INFO [main] org.apache.catalina.startup.VersionLoggerListener.log Command line argument: abort
05-Feb-2023 01:05:15.351 INFO [main] org.apache.catalina.startup.VersionLoggerListener.log Command line argument: -Xms128m
05-Feb-2023 01:05:15.351 INFO [main] org.apache.catalina.startup.VersionLoggerListener.log Command line argument: -Xmx256m
05-Feb-2023 01:05:15.351 INFO [main] org.apache.catalina.core.AprLifecycleListener.lifecycleEvent Loaded Apache Tomcat Native library [1.2.35] using APR version [1.7.0].
05-Feb-2023 01:05:15.351 INFO [main] org.apache.catalina.core.AprLifecycleListener.lifecycleEvent APR capabilities: IPv6 [true], sendfile [true], accept filters [false], random [true], UDS [true].
05-Feb-2023 01:05:15.351 INFO [main] org.apache.catalina.core.AprLifecycleListener.lifecycleEvent APR/OpenSSL configuration: useAprConnector [false], useOpenSSL [true]
05-Feb-2023 01:05:15.351 INFO [main] org.apache.catalina.core.AprLifecycleListener.initializeSSL OpenSSL successfully initialized [OpenSSL 1.1.1q  5 Jul 2022]
05-Feb-2023 01:05:15.726 INFO [main] org.apache.coyote.AbstractProtocol.init Initializing ProtocolHandler ["http-nio-8080"]
05-Feb-2023 01:05:15.757 INFO [main] org.apache.catalina.startup.Catalina.load Server initialization in [690] milliseconds
05-Feb-2023 01:05:15.819 INFO [main] org.apache.catalina.core.StandardService.startInternal Starting service [Catalina]
05-Feb-2023 01:05:15.819 INFO [main] org.apache.catalina.core.StandardEngine.startInternal Starting Servlet engine: [Apache Tomcat/9.0.71]
05-Feb-2023 01:05:15.835 INFO [main] org.apache.catalina.startup.HostConfig.deployDirectory Установка веб приложения в папку [C:\Java Projects\DataBaseProjects\MySQL3\apache-tomcat-9.0.71\webapps\MYSQL3]
05-Feb-2023 01:05:16.819 INFO [main] org.apache.jasper.servlet.TldScanner.scanJars At least one JAR was scanned for TLDs yet contained no TLDs. Enable debug logging for this logger for a complete list of JARs that were scanned but no TLDs were found in them. Skipping unneeded JARs during scanning can improve startup time and JSP compilation time.
05-Feb-2023 01:05:16.913 INFO [main] org.apache.catalina.startup.HostConfig.deployDirectory Deployment of web application directory [C:\Java Projects\DataBaseProjects\MySQL3\apache-tomcat-9.0.71\webapps\MYSQL3] has finished in [1 078] ms
05-Feb-2023 01:05:16.913 INFO [main] org.apache.catalina.startup.HostConfig.deployDirectory Установка веб приложения в папку [C:\Java Projects\DataBaseProjects\MySQL3\apache-tomcat-9.0.71\webapps\ROOT]
05-Feb-2023 01:05:17.413 INFO [main] org.apache.jasper.servlet.TldScanner.scanJars At least one JAR was scanned for TLDs yet contained no TLDs. Enable debug logging for this logger for a complete list of JARs that were scanned but no TLDs were found in them. Skipping unneeded JARs during scanning can improve startup time and JSP compilation time.
05-Feb-2023 01:05:17.429 INFO [main] org.apache.catalina.startup.HostConfig.deployDirectory Deployment of web application directory [C:\Java Projects\DataBaseProjects\MySQL3\apache-tomcat-9.0.71\webapps\ROOT] has finished in [516] ms
05-Feb-2023 01:05:17.429 INFO [main] org.apache.coyote.AbstractProtocol.start Starting ProtocolHandler ["http-nio-8080"]
05-Feb-2023 01:05:17.476 INFO [main] org.apache.catalina.startup.Catalina.start Server startup in [1720] milliseconds
05-Feb-2023 01:09:13.864 INFO [Thread-2] org.apache.coyote.AbstractProtocol.pause Pausing ProtocolHandler ["http-nio-8080"]
05-Feb-2023 01:09:13.879 INFO [Thread-2] org.apache.catalina.core.StandardService.stopInternal Stopping service [Catalina]
05-Feb-2023 01:09:13.966 INFO [Thread-2] org.apache.coyote.AbstractProtocol.stop Stopping ProtocolHandler ["http-nio-8080"]
05-Feb-2023 01:09:13.982 INFO [Thread-2] org.apache.coyote.AbstractProtocol.destroy Destroying ProtocolHandler ["http-nio-8080"]

2023-02-05 01:09:15 Apache Commons Daemon procrun stderr initialized.
05-Feb-2023 01:09:16.060 INFO [main] org.apache.catalina.startup.VersionLoggerListener.log Server version name:   Apache Tomcat/9.0.71
05-Feb-2023 01:09:16.074 INFO [main] org.apache.catalina.startup.VersionLoggerListener.log Server built:          Jan 9 2023 22:33:01 UTC
05-Feb-2023 01:09:16.074 INFO [main] org.apache.catalina.startup.VersionLoggerListener.log Server version number: 9.0.71.0
05-Feb-2023 01:09:16.074 INFO [main] org.apache.catalina.startup.VersionLoggerListener.log OS Name:               Windows 10
05-Feb-2023 01:09:16.074 INFO [main] org.apache.catalina.startup.VersionLoggerListener.log Версия ОС:             10.0
05-Feb-2023 01:09:16.074 INFO [main] org.apache.catalina.startup.VersionLoggerListener.log Архитектура:           amd64
05-Feb-2023 01:09:16.074 INFO [main] org.apache.catalina.startup.VersionLoggerListener.log Java Home:             C:\Program Files\Java\jdk-17.0.3.1
05-Feb-2023 01:09:16.074 INFO [main] org.apache.catalina.startup.VersionLoggerListener.log Версия JVM:            17.0.3.1+2-LTS-6
05-Feb-2023 01:09:16.074 INFO [main] org.apache.catalina.startup.VersionLoggerListener.log JVM Vendor:            Oracle Corporation
05-Feb-2023 01:09:16.074 INFO [main] org.apache.catalina.startup.VersionLoggerListener.log CATALINA_BASE:         C:\Java Projects\DataBaseProjects\MySQL3\apache-tomcat-9.0.71
05-Feb-2023 01:09:16.074 INFO [main] org.apache.catalina.startup.VersionLoggerListener.log CATALINA_HOME:         C:\Java Projects\DataBaseProjects\MySQL3\apache-tomcat-9.0.71
05-Feb-2023 01:09:16.091 INFO [main] org.apache.catalina.startup.VersionLoggerListener.log Command line argument: -Dcatalina.home=C:\Java Projects\DataBaseProjects\MySQL3\apache-tomcat-9.0.71
05-Feb-2023 01:09:16.091 INFO [main] org.apache.catalina.startup.VersionLoggerListener.log Command line argument: -Dcatalina.base=C:\Java Projects\DataBaseProjects\MySQL3\apache-tomcat-9.0.71
05-Feb-2023 01:09:16.091 INFO [main] org.apache.catalina.startup.VersionLoggerListener.log Command line argument: -Dignore.endorsed.dirs=C:\Java Projects\DataBaseProjects\MySQL3\apache-tomcat-9.0.71\endorsed
05-Feb-2023 01:09:16.091 INFO [main] org.apache.catalina.startup.VersionLoggerListener.log Command line argument: -Djava.io.tmpdir=C:\Java Projects\DataBaseProjects\MySQL3\apache-tomcat-9.0.71\temp
05-Feb-2023 01:09:16.091 INFO [main] org.apache.catalina.startup.VersionLoggerListener.log Command line argument: -Djava.util.logging.manager=org.apache.juli.ClassLoaderLogManager
05-Feb-2023 01:09:16.091 INFO [main] org.apache.catalina.startup.VersionLoggerListener.log Command line argument: -Djava.util.logging.config.file=C:\Java Projects\DataBaseProjects\MySQL3\apache-tomcat-9.0.71\conf\logging.properties
05-Feb-2023 01:09:16.091 INFO [main] org.apache.catalina.startup.VersionLoggerListener.log Command line argument: --add-opens=java.base/java.lang=ALL-UNNAMED
05-Feb-2023 01:09:16.091 INFO [main] org.apache.catalina.startup.VersionLoggerListener.log Command line argument: --add-opens=java.base/java.io=ALL-UNNAMED
05-Feb-2023 01:09:16.091 INFO [main] org.apache.catalina.startup.VersionLoggerListener.log Command line argument: --add-opens=java.base/java.util=ALL-UNNAMED
05-Feb-2023 01:09:16.091 INFO [main] org.apache.catalina.startup.VersionLoggerListener.log Command line argument: --add-opens=java.base/java.util.concurrent=ALL-UNNAMED
05-Feb-2023 01:09:16.091 INFO [main] org.apache.catalina.startup.VersionLoggerListener.log Command line argument: --add-opens=java.rmi/sun.rmi.transport=ALL-UNNAMED
05-Feb-2023 01:09:16.091 INFO [main] org.apache.catalina.startup.VersionLoggerListener.log Command line argument: exit
05-Feb-2023 01:09:16.091 INFO [main] org.apache.catalina.startup.VersionLoggerListener.log Command line argument: abort
05-Feb-2023 01:09:16.091 INFO [main] org.apache.catalina.startup.VersionLoggerListener.log Command line argument: -Xms128m
05-Feb-2023 01:09:16.091 INFO [main] org.apache.catalina.startup.VersionLoggerListener.log Command line argument: -Xmx256m
05-Feb-2023 01:09:16.091 INFO [main] org.apache.catalina.core.AprLifecycleListener.lifecycleEvent Loaded Apache Tomcat Native library [1.2.35] using APR version [1.7.0].
05-Feb-2023 01:09:16.091 INFO [main] org.apache.catalina.core.AprLifecycleListener.lifecycleEvent APR capabilities: IPv6 [true], sendfile [true], accept filters [false], random [true], UDS [true].
05-Feb-2023 01:09:16.091 INFO [main] org.apache.catalina.core.AprLifecycleListener.lifecycleEvent APR/OpenSSL configuration: useAprConnector [false], useOpenSSL [true]
05-Feb-2023 01:09:16.106 INFO [main] org.apache.catalina.core.AprLifecycleListener.initializeSSL OpenSSL successfully initialized [OpenSSL 1.1.1q  5 Jul 2022]
05-Feb-2023 01:09:16.450 INFO [main] org.apache.coyote.AbstractProtocol.init Initializing ProtocolHandler ["http-nio-8080"]
05-Feb-2023 01:09:16.481 INFO [main] org.apache.catalina.startup.Catalina.load Server initialization in [660] milliseconds
05-Feb-2023 01:09:16.544 INFO [main] org.apache.catalina.core.StandardService.startInternal Starting service [Catalina]
05-Feb-2023 01:09:16.544 INFO [main] org.apache.catalina.core.StandardEngine.startInternal Starting Servlet engine: [Apache Tomcat/9.0.71]
05-Feb-2023 01:09:16.544 INFO [main] org.apache.catalina.startup.HostConfig.deployDirectory Установка веб приложения в папку [C:\Java Projects\DataBaseProjects\MySQL3\apache-tomcat-9.0.71\webapps\MYSQL3]
05-Feb-2023 01:09:17.544 INFO [main] org.apache.jasper.servlet.TldScanner.scanJars At least one JAR was scanned for TLDs yet contained no TLDs. Enable debug logging for this logger for a complete list of JARs that were scanned but no TLDs were found in them. Skipping unneeded JARs during scanning can improve startup time and JSP compilation time.
05-Feb-2023 01:09:17.637 INFO [main] org.apache.catalina.startup.HostConfig.deployDirectory Deployment of web application directory [C:\Java Projects\DataBaseProjects\MySQL3\apache-tomcat-9.0.71\webapps\MYSQL3] has finished in [1 093] ms
05-Feb-2023 01:09:17.637 INFO [main] org.apache.catalina.startup.HostConfig.deployDirectory Установка веб приложения в папку [C:\Java Projects\DataBaseProjects\MySQL3\apache-tomcat-9.0.71\webapps\ROOT]
05-Feb-2023 01:09:18.106 INFO [main] org.apache.jasper.servlet.TldScanner.scanJars At least one JAR was scanned for TLDs yet contained no TLDs. Enable debug logging for this logger for a complete list of JARs that were scanned but no TLDs were found in them. Skipping unneeded JARs during scanning can improve startup time and JSP compilation time.
05-Feb-2023 01:09:18.106 INFO [main] org.apache.catalina.startup.HostConfig.deployDirectory Deployment of web application directory [C:\Java Projects\DataBaseProjects\MySQL3\apache-tomcat-9.0.71\webapps\ROOT] has finished in [469] ms
05-Feb-2023 01:09:18.122 INFO [main] org.apache.coyote.AbstractProtocol.start Starting ProtocolHandler ["http-nio-8080"]
05-Feb-2023 01:09:18.169 INFO [main] org.apache.catalina.startup.Catalina.start Server startup in [1687] milliseconds
05-Feb-2023 01:10:58.883 INFO [Thread-2] org.apache.coyote.AbstractProtocol.pause Pausing ProtocolHandler ["http-nio-8080"]
05-Feb-2023 01:10:58.914 INFO [Thread-2] org.apache.catalina.core.StandardService.stopInternal Stopping service [Catalina]
05-Feb-2023 01:10:58.925 INFO [Thread-2] org.apache.coyote.AbstractProtocol.stop Stopping ProtocolHandler ["http-nio-8080"]
05-Feb-2023 01:10:58.940 INFO [Thread-2] org.apache.coyote.AbstractProtocol.destroy Destroying ProtocolHandler ["http-nio-8080"]

2023-02-05 15:57:36 Apache Commons Daemon procrun stderr initialized.
05-Feb-2023 15:57:39.532 INFO [main] org.apache.catalina.startup.VersionLoggerListener.log Server version name:   Apache Tomcat/9.0.71
05-Feb-2023 15:57:39.538 INFO [main] org.apache.catalina.startup.VersionLoggerListener.log Server built:          Jan 9 2023 22:33:01 UTC
05-Feb-2023 15:57:39.538 INFO [main] org.apache.catalina.startup.VersionLoggerListener.log Server version number: 9.0.71.0
05-Feb-2023 15:57:39.538 INFO [main] org.apache.catalina.startup.VersionLoggerListener.log OS Name:               Windows 10
05-Feb-2023 15:57:39.538 INFO [main] org.apache.catalina.startup.VersionLoggerListener.log Версия ОС:             10.0
05-Feb-2023 15:57:39.538 INFO [main] org.apache.catalina.startup.VersionLoggerListener.log Архитектура:           amd64
05-Feb-2023 15:57:39.538 INFO [main] org.apache.catalina.startup.VersionLoggerListener.log Java Home:             C:\Program Files\Java\jdk-17.0.3.1
05-Feb-2023 15:57:39.538 INFO [main] org.apache.catalina.startup.VersionLoggerListener.log Версия JVM:            17.0.3.1+2-LTS-6
05-Feb-2023 15:57:39.538 INFO [main] org.apache.catalina.startup.VersionLoggerListener.log JVM Vendor:            Oracle Corporation
05-Feb-2023 15:57:39.538 INFO [main] org.apache.catalina.startup.VersionLoggerListener.log CATALINA_BASE:         C:\Java Projects\DataBaseProjects\MySQL3\apache-tomcat-9.0.71
05-Feb-2023 15:57:39.538 INFO [main] org.apache.catalina.startup.VersionLoggerListener.log CATALINA_HOME:         C:\Java Projects\DataBaseProjects\MySQL3\apache-tomcat-9.0.71
05-Feb-2023 15:57:39.554 INFO [main] org.apache.catalina.startup.VersionLoggerListener.log Command line argument: -Dcatalina.home=C:\Java Projects\DataBaseProjects\MySQL3\apache-tomcat-9.0.71
05-Feb-2023 15:57:39.554 INFO [main] org.apache.catalina.startup.VersionLoggerListener.log Command line argument: -Dcatalina.base=C:\Java Projects\DataBaseProjects\MySQL3\apache-tomcat-9.0.71
05-Feb-2023 15:57:39.554 INFO [main] org.apache.catalina.startup.VersionLoggerListener.log Command line argument: -Dignore.endorsed.dirs=C:\Java Projects\DataBaseProjects\MySQL3\apache-tomcat-9.0.71\endorsed
05-Feb-2023 15:57:39.554 INFO [main] org.apache.catalina.startup.VersionLoggerListener.log Command line argument: -Djava.io.tmpdir=C:\Java Projects\DataBaseProjects\MySQL3\apache-tomcat-9.0.71\temp
05-Feb-2023 15:57:39.554 INFO [main] org.apache.catalina.startup.VersionLoggerListener.log Command line argument: -Djava.util.logging.manager=org.apache.juli.ClassLoaderLogManager
05-Feb-2023 15:57:39.554 INFO [main] org.apache.catalina.startup.VersionLoggerListener.log Command line argument: -Djava.util.logging.config.file=C:\Java Projects\DataBaseProjects\MySQL3\apache-tomcat-9.0.71\conf\logging.properties
05-Feb-2023 15:57:39.554 INFO [main] org.apache.catalina.startup.VersionLoggerListener.log Command line argument: --add-opens=java.base/java.lang=ALL-UNNAMED
05-Feb-2023 15:57:39.554 INFO [main] org.apache.catalina.startup.VersionLoggerListener.log Command line argument: --add-opens=java.base/java.io=ALL-UNNAMED
05-Feb-2023 15:57:39.554 INFO [main] org.apache.catalina.startup.VersionLoggerListener.log Command line argument: --add-opens=java.base/java.util=ALL-UNNAMED
05-Feb-2023 15:57:39.554 INFO [main] org.apache.catalina.startup.VersionLoggerListener.log Command line argument: --add-opens=java.base/java.util.concurrent=ALL-UNNAMED
05-Feb-2023 15:57:39.554 INFO [main] org.apache.catalina.startup.VersionLoggerListener.log Command line argument: --add-opens=java.rmi/sun.rmi.transport=ALL-UNNAMED
05-Feb-2023 15:57:39.554 INFO [main] org.apache.catalina.startup.VersionLoggerListener.log Command line argument: exit
05-Feb-2023 15:57:39.554 INFO [main] org.apache.catalina.startup.VersionLoggerListener.log Command line argument: abort
05-Feb-2023 15:57:39.554 INFO [main] org.apache.catalina.startup.VersionLoggerListener.log Command line argument: -Xms128m
05-Feb-2023 15:57:39.554 INFO [main] org.apache.catalina.startup.VersionLoggerListener.log Command line argument: -Xmx256m
05-Feb-2023 15:57:41.038 INFO [main] org.apache.catalina.core.AprLifecycleListener.lifecycleEvent Loaded Apache Tomcat Native library [1.2.35] using APR version [1.7.0].
05-Feb-2023 15:57:41.038 INFO [main] org.apache.catalina.core.AprLifecycleListener.lifecycleEvent APR capabilities: IPv6 [true], sendfile [true], accept filters [false], random [true], UDS [true].
05-Feb-2023 15:57:41.038 INFO [main] org.apache.catalina.core.AprLifecycleListener.lifecycleEvent APR/OpenSSL configuration: useAprConnector [false], useOpenSSL [true]
05-Feb-2023 15:57:41.054 INFO [main] org.apache.catalina.core.AprLifecycleListener.initializeSSL OpenSSL successfully initialized [OpenSSL 1.1.1q  5 Jul 2022]
05-Feb-2023 15:57:41.413 INFO [main] org.apache.coyote.AbstractProtocol.init Initializing ProtocolHandler ["http-nio-8080"]
05-Feb-2023 15:57:41.460 INFO [main] org.apache.catalina.startup.Catalina.load Server initialization in [2188] milliseconds
05-Feb-2023 15:57:41.507 INFO [main] org.apache.catalina.core.StandardService.startInternal Starting service [Catalina]
05-Feb-2023 15:57:41.507 INFO [main] org.apache.catalina.core.StandardEngine.startInternal Starting Servlet engine: [Apache Tomcat/9.0.71]
05-Feb-2023 15:57:41.523 INFO [main] org.apache.catalina.startup.HostConfig.deployDirectory Установка веб приложения в папку [C:\Java Projects\DataBaseProjects\MySQL3\apache-tomcat-9.0.71\webapps\MYSQL3]
05-Feb-2023 15:57:42.554 INFO [main] org.apache.jasper.servlet.TldScanner.scanJars At least one JAR was scanned for TLDs yet contained no TLDs. Enable debug logging for this logger for a complete list of JARs that were scanned but no TLDs were found in them. Skipping unneeded JARs during scanning can improve startup time and JSP compilation time.
05-Feb-2023 15:57:42.663 INFO [main] org.apache.catalina.startup.HostConfig.deployDirectory Deployment of web application directory [C:\Java Projects\DataBaseProjects\MySQL3\apache-tomcat-9.0.71\webapps\MYSQL3] has finished in [1 140] ms
05-Feb-2023 15:57:42.663 INFO [main] org.apache.catalina.startup.HostConfig.deployDirectory Установка веб приложения в папку [C:\Java Projects\DataBaseProjects\MySQL3\apache-tomcat-9.0.71\webapps\ROOT]
05-Feb-2023 15:57:43.147 INFO [main] org.apache.jasper.servlet.TldScanner.scanJars At least one JAR was scanned for TLDs yet contained no TLDs. Enable debug logging for this logger for a complete list of JARs that were scanned but no TLDs were found in them. Skipping unneeded JARs during scanning can improve startup time and JSP compilation time.
05-Feb-2023 15:57:43.147 INFO [main] org.apache.catalina.startup.HostConfig.deployDirectory Deployment of web application directory [C:\Java Projects\DataBaseProjects\MySQL3\apache-tomcat-9.0.71\webapps\ROOT] has finished in [484] ms
05-Feb-2023 15:57:43.147 INFO [main] org.apache.coyote.AbstractProtocol.start Starting ProtocolHandler ["http-nio-8080"]
05-Feb-2023 15:57:43.210 INFO [main] org.apache.catalina.startup.Catalina.start Server startup in [1754] milliseconds
05-Feb-2023 15:59:30.675 INFO [Thread-2] org.apache.coyote.AbstractProtocol.pause Pausing ProtocolHandler ["http-nio-8080"]
05-Feb-2023 15:59:30.707 INFO [Thread-2] org.apache.catalina.core.StandardService.stopInternal Stopping service [Catalina]
05-Feb-2023 15:59:30.785 INFO [Thread-2] org.apache.coyote.AbstractProtocol.stop Stopping ProtocolHandler ["http-nio-8080"]
05-Feb-2023 15:59:30.801 INFO [Thread-2] org.apache.coyote.AbstractProtocol.destroy Destroying ProtocolHandler ["http-nio-8080"]

2023-02-05 17:04:26 Apache Commons Daemon procrun stderr initialized.
05-Feb-2023 17:04:26.993 INFO [main] org.apache.catalina.startup.VersionLoggerListener.log Server version name:   Apache Tomcat/9.0.71
05-Feb-2023 17:04:27.001 INFO [main] org.apache.catalina.startup.VersionLoggerListener.log Server built:          Jan 9 2023 22:33:01 UTC
05-Feb-2023 17:04:27.001 INFO [main] org.apache.catalina.startup.VersionLoggerListener.log Server version number: 9.0.71.0
05-Feb-2023 17:04:27.001 INFO [main] org.apache.catalina.startup.VersionLoggerListener.log OS Name:               Windows 10
05-Feb-2023 17:04:27.001 INFO [main] org.apache.catalina.startup.VersionLoggerListener.log Версия ОС:             10.0
05-Feb-2023 17:04:27.001 INFO [main] org.apache.catalina.startup.VersionLoggerListener.log Архитектура:           amd64
05-Feb-2023 17:04:27.001 INFO [main] org.apache.catalina.startup.VersionLoggerListener.log Java Home:             C:\Program Files\Java\jdk-17.0.3.1
05-Feb-2023 17:04:27.001 INFO [main] org.apache.catalina.startup.VersionLoggerListener.log Версия JVM:            17.0.3.1+2-LTS-6
05-Feb-2023 17:04:27.001 INFO [main] org.apache.catalina.startup.VersionLoggerListener.log JVM Vendor:            Oracle Corporation
05-Feb-2023 17:04:27.001 INFO [main] org.apache.catalina.startup.VersionLoggerListener.log CATALINA_BASE:         C:\Java Projects\DataBaseProjects\MySQL3\apache-tomcat-9.0.71
05-Feb-2023 17:04:27.001 INFO [main] org.apache.catalina.startup.VersionLoggerListener.log CATALINA_HOME:         C:\Java Projects\DataBaseProjects\MySQL3\apache-tomcat-9.0.71
05-Feb-2023 17:04:27.014 INFO [main] org.apache.catalina.startup.VersionLoggerListener.log Command line argument: -Dcatalina.home=C:\Java Projects\DataBaseProjects\MySQL3\apache-tomcat-9.0.71
05-Feb-2023 17:04:27.014 INFO [main] org.apache.catalina.startup.VersionLoggerListener.log Command line argument: -Dcatalina.base=C:\Java Projects\DataBaseProjects\MySQL3\apache-tomcat-9.0.71
05-Feb-2023 17:04:27.014 INFO [main] org.apache.catalina.startup.VersionLoggerListener.log Command line argument: -Dignore.endorsed.dirs=C:\Java Projects\DataBaseProjects\MySQL3\apache-tomcat-9.0.71\endorsed
05-Feb-2023 17:04:27.014 INFO [main] org.apache.catalina.startup.VersionLoggerListener.log Command line argument: -Djava.io.tmpdir=C:\Java Projects\DataBaseProjects\MySQL3\apache-tomcat-9.0.71\temp
05-Feb-2023 17:04:27.014 INFO [main] org.apache.catalina.startup.VersionLoggerListener.log Command line argument: -Djava.util.logging.manager=org.apache.juli.ClassLoaderLogManager
05-Feb-2023 17:04:27.014 INFO [main] org.apache.catalina.startup.VersionLoggerListener.log Command line argument: -Djava.util.logging.config.file=C:\Java Projects\DataBaseProjects\MySQL3\apache-tomcat-9.0.71\conf\logging.properties
05-Feb-2023 17:04:27.014 INFO [main] org.apache.catalina.startup.VersionLoggerListener.log Command line argument: --add-opens=java.base/java.lang=ALL-UNNAMED
05-Feb-2023 17:04:27.014 INFO [main] org.apache.catalina.startup.VersionLoggerListener.log Command line argument: --add-opens=java.base/java.io=ALL-UNNAMED
05-Feb-2023 17:04:27.014 INFO [main] org.apache.catalina.startup.VersionLoggerListener.log Command line argument: --add-opens=java.base/java.util=ALL-UNNAMED
05-Feb-2023 17:04:27.014 INFO [main] org.apache.catalina.startup.VersionLoggerListener.log Command line argument: --add-opens=java.base/java.util.concurrent=ALL-UNNAMED
05-Feb-2023 17:04:27.014 INFO [main] org.apache.catalina.startup.VersionLoggerListener.log Command line argument: --add-opens=java.rmi/sun.rmi.transport=ALL-UNNAMED
05-Feb-2023 17:04:27.014 INFO [main] org.apache.catalina.startup.VersionLoggerListener.log Command line argument: exit
05-Feb-2023 17:04:27.014 INFO [main] org.apache.catalina.startup.VersionLoggerListener.log Command line argument: abort
05-Feb-2023 17:04:27.014 INFO [main] org.apache.catalina.startup.VersionLoggerListener.log Command line argument: -Xms128m
05-Feb-2023 17:04:27.014 INFO [main] org.apache.catalina.startup.VersionLoggerListener.log Command line argument: -Xmx256m
05-Feb-2023 17:04:27.014 INFO [main] org.apache.catalina.core.AprLifecycleListener.lifecycleEvent Loaded Apache Tomcat Native library [1.2.35] using APR version [1.7.0].
05-Feb-2023 17:04:27.014 INFO [main] org.apache.catalina.core.AprLifecycleListener.lifecycleEvent APR capabilities: IPv6 [true], sendfile [true], accept filters [false], random [true], UDS [true].
05-Feb-2023 17:04:27.014 INFO [main] org.apache.catalina.core.AprLifecycleListener.lifecycleEvent APR/OpenSSL configuration: useAprConnector [false], useOpenSSL [true]
05-Feb-2023 17:04:27.014 INFO [main] org.apache.catalina.core.AprLifecycleListener.initializeSSL OpenSSL successfully initialized [OpenSSL 1.1.1q  5 Jul 2022]
05-Feb-2023 17:04:27.374 INFO [main] org.apache.coyote.AbstractProtocol.init Initializing ProtocolHandler ["http-nio-8080"]
05-Feb-2023 17:04:27.405 INFO [main] org.apache.catalina.startup.Catalina.load Server initialization in [654] milliseconds
05-Feb-2023 17:04:27.452 INFO [main] org.apache.catalina.core.StandardService.startInternal Starting service [Catalina]
05-Feb-2023 17:04:27.452 INFO [main] org.apache.catalina.core.StandardEngine.startInternal Starting Servlet engine: [Apache Tomcat/9.0.71]
05-Feb-2023 17:04:27.467 INFO [main] org.apache.catalina.startup.HostConfig.deployDirectory Установка веб приложения в папку [C:\Java Projects\DataBaseProjects\MySQL3\apache-tomcat-9.0.71\webapps\MYSQL3]
05-Feb-2023 17:04:28.389 INFO [main] org.apache.jasper.servlet.TldScanner.scanJars At least one JAR was scanned for TLDs yet contained no TLDs. Enable debug logging for this logger for a complete list of JARs that were scanned but no TLDs were found in them. Skipping unneeded JARs during scanning can improve startup time and JSP compilation time.
05-Feb-2023 17:04:28.483 INFO [main] org.apache.catalina.startup.HostConfig.deployDirectory Deployment of web application directory [C:\Java Projects\DataBaseProjects\MySQL3\apache-tomcat-9.0.71\webapps\MYSQL3] has finished in [1 016] ms
05-Feb-2023 17:04:28.483 INFO [main] org.apache.catalina.startup.HostConfig.deployDirectory Установка веб приложения в папку [C:\Java Projects\DataBaseProjects\MySQL3\apache-tomcat-9.0.71\webapps\ROOT]
05-Feb-2023 17:04:28.952 INFO [main] org.apache.jasper.servlet.TldScanner.scanJars At least one JAR was scanned for TLDs yet contained no TLDs. Enable debug logging for this logger for a complete list of JARs that were scanned but no TLDs were found in them. Skipping unneeded JARs during scanning can improve startup time and JSP compilation time.
05-Feb-2023 17:04:28.952 INFO [main] org.apache.catalina.startup.HostConfig.deployDirectory Deployment of web application directory [C:\Java Projects\DataBaseProjects\MySQL3\apache-tomcat-9.0.71\webapps\ROOT] has finished in [469] ms
05-Feb-2023 17:04:28.966 INFO [main] org.apache.coyote.AbstractProtocol.start Starting ProtocolHandler ["http-nio-8080"]
05-Feb-2023 17:04:29.013 INFO [main] org.apache.catalina.startup.Catalina.start Server startup in [1615] milliseconds
05-Feb-2023 17:10:10.202 INFO [Thread-2] org.apache.coyote.AbstractProtocol.pause Pausing ProtocolHandler ["http-nio-8080"]
05-Feb-2023 17:10:10.218 INFO [Thread-2] org.apache.catalina.core.StandardService.stopInternal Stopping service [Catalina]
05-Feb-2023 17:10:10.254 INFO [Thread-2] org.apache.coyote.AbstractProtocol.stop Stopping ProtocolHandler ["http-nio-8080"]
05-Feb-2023 17:10:10.270 INFO [Thread-2] org.apache.coyote.AbstractProtocol.destroy Destroying ProtocolHandler ["http-nio-8080"]
